<?xml version="1.0" encoding="UTF-8"?>
<testsuite xmlns:xsi="http://www.w3.org/2001/XMLSchema-instance" xsi:noNamespaceSchemaLocation="https://maven.apache.org/surefire/maven-surefire-plugin/xsd/surefire-test-report-3.0.xsd" version="3.0" name="TestSuite" time="104.547" tests="2" errors="0" skipped="0" failures="2">
  <properties>
[...]
</properties>
  <testcase name="feature" classname="com.testRunner.TestRunner" time="53.424">
    <failure message="cucumber.runtime.CucumberException: Arity mismatch: Step Definition &apos;com.stepdefinition.OrangeHrmAdminSteps.enter_username() in file:/C:/Users/itsdi/eclipse-workspace/CucumberHybrid/target/test-classes/&apos; with pattern [^Enter username$] is declared with 0 parameters. However, the gherkin step has 1 arguments [Table:[[rithika]]]. &#10;Step: Then Enter username" type="cucumber.runtime.CucumberException"><![CDATA[cucumber.runtime.CucumberException: 
cucumber.runtime.CucumberException: Arity mismatch: Step Definition 'com.stepdefinition.OrangeHrmAdminSteps.enter_username() in file:/C:/Users/itsdi/eclipse-workspace/CucumberHybrid/target/test-classes/' with pattern [^Enter username$] is declared with 0 parameters. However, the gherkin step has 1 arguments [Table:[[rithika]]]. 
Step: Then Enter username
Caused by: cucumber.runtime.CucumberException: 
Arity mismatch: Step Definition 'com.stepdefinition.OrangeHrmAdminSteps.enter_username() in file:/C:/Users/itsdi/eclipse-workspace/CucumberHybrid/target/test-classes/' with pattern [^Enter username$] is declared with 0 parameters. However, the gherkin step has 1 arguments [Table:[[rithika]]]. 
Step: Then Enter username
]]></failure>
    <system-out><![CDATA[@orangeHRM
Feature: OrangeHrm website

  @tc_01_login
  Scenario Outline: validate the login functionality # C:/Users/itsdi/eclipse-workspace/CucumberHybrid/src/test/resources/Features/Testcase.feature:5
    Given Launch the browser and enter the url
    When login page is opened
    Then enter the "<username>" and "<password>"
    Then Click the login
    And Take screenshots and quit browser

    Examples: 
2020-08-30 00:13:52,536 main ERROR Unable to locate appender "fileLogger" for logger config "root"
2020-08-30 00:13:52,544 main ERROR Unable to locate appender "fileLogger" for logger config "example"
2020-08-30 00:13:57.369 INFO [main] [com.baseclass.library] [launchApplication] [com.baseclass.library.launchApplication(library.java:40)] - Chrome Browser is launched 
chrome Browser launch
2020-08-30 00:14:01.307 INFO [main] [com.baseclass.library] [launchApplication] [com.baseclass.library.launchApplication(library.java:46)] - url is entered in the browser
OrangeHRM
2020-08-30 00:14:04.803 INFO [main] [com.baseclass.library] [click_the_login] [com.stepdefinition.OrangeHrmLoginTestSteps.click_the_login(OrangeHrmLoginTestSteps.java:46)] - login page =======>
C:\Users\itsdi\eclipse-workspace\CucumberHybrid\src\test\resources\Screenshots\orange1598771644829.png
2020-08-30 00:14:09.929 INFO [main] [com.baseclass.library] [quit] [com.baseclass.library.quit(library.java:55)] - Window is closed

  @tc_01_login @orangeHRM
  Scenario Outline: validate the login functionality # C:/Users/itsdi/eclipse-workspace/CucumberHybrid/src/test/resources/Features/Testcase.feature:15
    Given Launch the browser and enter the url       # OrangeHrmLoginTestSteps.launch_the_browser_and_enter_the_url()
    When login page is opened                        # OrangeHrmLoginTestSteps.login_page_is_opened()
    Then enter the "Admin" and "admin123"            # OrangeHrmLoginTestSteps.enter_the_and(String,String)
    Then Click the login                             # OrangeHrmLoginTestSteps.click_the_login()
    And Take screenshots and quit browser            # OrangeHrmLoginTestSteps.take_screenshots_and_quit_browser()
2020-08-30 00:14:13.478 INFO [main] [com.baseclass.library] [launchApplication] [com.baseclass.library.launchApplication(library.java:40)] - Chrome Browser is launched 
chrome Browser launch
2020-08-30 00:14:17.003 INFO [main] [com.baseclass.library] [launchApplication] [com.baseclass.library.launchApplication(library.java:46)] - url is entered in the browser
OrangeHRM
2020-08-30 00:14:18.115 INFO [main] [com.baseclass.library] [click_the_login] [com.stepdefinition.OrangeHrmLoginTestSteps.click_the_login(OrangeHrmLoginTestSteps.java:46)] - login page =======>
C:\Users\itsdi\eclipse-workspace\CucumberHybrid\src\test\resources\Screenshots\orange1598771658133.png
2020-08-30 00:14:18.859 INFO [main] [com.baseclass.library] [quit] [com.baseclass.library.quit(library.java:55)] - Window is closed

  @tc_01_login @orangeHRM
  Scenario Outline: validate the login functionality # C:/Users/itsdi/eclipse-workspace/CucumberHybrid/src/test/resources/Features/Testcase.feature:16
    Given Launch the browser and enter the url       # OrangeHrmLoginTestSteps.launch_the_browser_and_enter_the_url()
    When login page is opened                        # OrangeHrmLoginTestSteps.login_page_is_opened()
    Then enter the "Admins" and "admin124"           # OrangeHrmLoginTestSteps.enter_the_and(String,String)
    Then Click the login                             # OrangeHrmLoginTestSteps.click_the_login()
    And Take screenshots and quit browser            # OrangeHrmLoginTestSteps.take_screenshots_and_quit_browser()
2020-08-30 00:14:22.444 INFO [main] [com.baseclass.library] [launchApplication] [com.baseclass.library.launchApplication(library.java:40)] - Chrome Browser is launched 
chrome Browser launch
2020-08-30 00:14:25.857 INFO [main] [com.baseclass.library] [launchApplication] [com.baseclass.library.launchApplication(library.java:46)] - url is entered in the browser

  @tc_01_AdminSearch
  Scenario: Click on Admin Search                # C:/Users/itsdi/eclipse-workspace/CucumberHybrid/src/test/resources/Features/Testcase.feature:20
    Given Launch orangehrm application and login # OrangeHrmAdminSteps.launch_orangehrm_application_and_login()
    When Select Admin menu                       # OrangeHrmAdminSteps.select_Admin_menu()
    Then Enter username                          # OrangeHrmAdminSteps.enter_username()
      cucumber.runtime.CucumberException: Arity mismatch: Step Definition 'com.stepdefinition.OrangeHrmAdminSteps.enter_username() in file:/C:/Users/itsdi/eclipse-workspace/CucumberHybrid/target/test-classes/' with pattern [^Enter username$] is declared with 0 parameters. However, the gherkin step has 1 arguments [Table:[[rithika]]]. 
      Step: Then Enter username
      	at cucumber.runtime.StepDefinitionMatch.arityMismatch(StepDefinitionMatch.java:102)
      	at cucumber.runtime.StepDefinitionMatch.transformedArgs(StepDefinitionMatch.java:60)
      	at cucumber.runtime.StepDefinitionMatch.runStep(StepDefinitionMatch.java:37)
      	at cucumber.runtime.Runtime.runStep(Runtime.java:300)
      	at cucumber.runtime.model.StepContainer.runStep(StepContainer.java:44)
      	at cucumber.runtime.model.StepContainer.runSteps(StepContainer.java:39)
      	at cucumber.runtime.model.CucumberScenario.run(CucumberScenario.java:44)
      	at cucumber.runtime.model.CucumberFeature.run(CucumberFeature.java:165)
      	at cucumber.api.testng.TestNGCucumberRunner.runCucumber(TestNGCucumberRunner.java:63)
      	at cucumber.api.testng.AbstractTestNGCucumberTests.feature(AbstractTestNGCucumberTests.java:21)
      	at java.base/jdk.internal.reflect.NativeMethodAccessorImpl.invoke0(Native Method)
      	at java.base/jdk.internal.reflect.NativeMethodAccessorImpl.invoke(NativeMethodAccessorImpl.java:62)
      	at java.base/jdk.internal.reflect.DelegatingMethodAccessorImpl.invoke(DelegatingMethodAccessorImpl.java:43)
      	at java.base/java.lang.reflect.Method.invoke(Method.java:567)
      	at org.testng.internal.MethodInvocationHelper.invokeMethod(MethodInvocationHelper.java:133)
      	at org.testng.internal.TestInvoker.invokeMethod(TestInvoker.java:584)
      	at org.testng.internal.TestInvoker.invokeTestMethod(TestInvoker.java:172)
      	at org.testng.internal.MethodRunner.runInSequence(MethodRunner.java:46)
      	at org.testng.internal.TestInvoker$MethodInvocationAgent.invoke(TestInvoker.java:804)
      	at org.testng.internal.TestInvoker.invokeTestMethods(TestInvoker.java:145)
      	at org.testng.internal.TestMethodWorker.invokeTestMethods(TestMethodWorker.java:146)
      	at org.testng.internal.TestMethodWorker.run(TestMethodWorker.java:128)
      	at java.base/java.util.ArrayList.forEach(ArrayList.java:1507)
      	at org.testng.TestRunner.privateRun(TestRunner.java:770)
      	at org.testng.TestRunner.run(TestRunner.java:591)
      	at org.testng.SuiteRunner.runTest(SuiteRunner.java:402)
      	at org.testng.SuiteRunner.runSequentially(SuiteRunner.java:396)
      	at org.testng.SuiteRunner.privateRun(SuiteRunner.java:355)
      	at org.testng.SuiteRunner.run(SuiteRunner.java:304)
      	at org.testng.SuiteRunnerWorker.runSuite(SuiteRunnerWorker.java:53)
      	at org.testng.SuiteRunnerWorker.run(SuiteRunnerWorker.java:96)
      	at org.testng.TestNG.runSuitesSequentially(TestNG.java:1180)
      	at org.testng.TestNG.runSuitesLocally(TestNG.java:1102)
      	at org.testng.TestNG.runSuites(TestNG.java:1032)
      	at org.testng.TestNG.run(TestNG.java:1000)
      	at org.apache.maven.surefire.testng.TestNGExecutor.run(TestNGExecutor.java:283)
      	at org.apache.maven.surefire.testng.TestNGXmlTestSuite.execute(TestNGXmlTestSuite.java:75)
      	at org.apache.maven.surefire.testng.TestNGProvider.invoke(TestNGProvider.java:120)
      	at java.base/jdk.internal.reflect.NativeMethodAccessorImpl.invoke0(Native Method)
      	at java.base/jdk.internal.reflect.NativeMethodAccessorImpl.invoke(NativeMethodAccessorImpl.java:62)
      	at java.base/jdk.internal.reflect.DelegatingMethodAccessorImpl.invoke(DelegatingMethodAccessorImpl.java:43)
      	at java.base/java.lang.reflect.Method.invoke(Method.java:567)
      	at org.apache.maven.surefire.util.ReflectionUtils.invokeMethodWithArray2(ReflectionUtils.java:186)
      	at org.apache.maven.surefire.booter.ProviderFactory$ProviderProxy.invoke(ProviderFactory.java:161)
      	at org.apache.maven.surefire.booter.ProviderFactory.invokeProvider(ProviderFactory.java:84)
      	at org.apache.maven.plugin.surefire.InPluginVMSurefireStarter.runSuitesInProcess(InPluginVMSurefireStarter.java:87)
      	at org.apache.maven.plugin.surefire.AbstractSurefireMojo.executeProvider(AbstractSurefireMojo.java:1198)
      	at org.apache.maven.plugin.surefire.AbstractSurefireMojo.executeAfterPreconditionsChecked(AbstractSurefireMojo.java:1063)
      	at org.apache.maven.plugin.surefire.AbstractSurefireMojo.execute(AbstractSurefireMojo.java:889)
      	at org.apache.maven.plugin.DefaultBuildPluginManager.executeMojo(DefaultBuildPluginManager.java:137)
      	at org.apache.maven.lifecycle.internal.MojoExecutor.execute(MojoExecutor.java:210)
      	at org.apache.maven.lifecycle.internal.MojoExecutor.execute(MojoExecutor.java:156)
      	at org.apache.maven.lifecycle.internal.MojoExecutor.execute(MojoExecutor.java:148)
      	at org.apache.maven.lifecycle.internal.LifecycleModuleBuilder.buildProject(LifecycleModuleBuilder.java:117)
      	at org.apache.maven.lifecycle.internal.LifecycleModuleBuilder.buildProject(LifecycleModuleBuilder.java:81)
      	at org.apache.maven.lifecycle.internal.builder.singlethreaded.SingleThreadedBuilder.build(SingleThreadedBuilder.java:56)
      	at org.apache.maven.lifecycle.internal.LifecycleStarter.execute(LifecycleStarter.java:128)
      	at org.apache.maven.DefaultMaven.doExecute(DefaultMaven.java:305)
      	at org.apache.maven.DefaultMaven.doExecute(DefaultMaven.java:192)
      	at org.apache.maven.DefaultMaven.execute(DefaultMaven.java:105)
      	at org.apache.maven.cli.MavenCli.execute(MavenCli.java:957)
      	at org.apache.maven.cli.MavenCli.doMain(MavenCli.java:289)
      	at org.apache.maven.cli.MavenCli.main(MavenCli.java:193)
      	at java.base/jdk.internal.reflect.NativeMethodAccessorImpl.invoke0(Native Method)
      	at java.base/jdk.internal.reflect.NativeMethodAccessorImpl.invoke(NativeMethodAccessorImpl.java:62)
      	at java.base/jdk.internal.reflect.DelegatingMethodAccessorImpl.invoke(DelegatingMethodAccessorImpl.java:43)
      	at java.base/java.lang.reflect.Method.invoke(Method.java:567)
      	at org.codehaus.plexus.classworlds.launcher.Launcher.launchEnhanced(Launcher.java:282)
      	at org.codehaus.plexus.classworlds.launcher.Launcher.launch(Launcher.java:225)
      	at org.codehaus.plexus.classworlds.launcher.Launcher.mainWithExitCode(Launcher.java:406)
      	at org.codehaus.plexus.classworlds.launcher.Launcher.main(Launcher.java:347)

    Then Select userrole                         # OrangeHrmAdminSteps.select_userrole()
    Then Enter Employeename                      # OrangeHrmAdminSteps.enter_Employeename()
    Then Select Status                           # OrangeHrmAdminSteps.select_Status()
    Then Click Search button                     # OrangeHrmAdminSteps.click_Search_button()
    And Taking screenshots and quit application  # OrangeHrmAdminSteps.take_screenshots_and_quit_browser()
2020-08-30 00:14:34.768 INFO [main] [com.baseclass.library] [launchApplication] [com.baseclass.library.launchApplication(library.java:40)] - Chrome Browser is launched 
chrome Browser launch
2020-08-30 00:14:38.225 INFO [main] [com.baseclass.library] [launchApplication] [com.baseclass.library.launchApplication(library.java:46)] - url is entered in the browser

  @tc_01_Recuritment
  Scenario: Add candidate in recruitment menu # C:/Users/itsdi/eclipse-workspace/CucumberHybrid/src/test/resources/Features/Testcase.feature:34
    Given Launch application and login to App # OrangeHrmRecruitSteps.launch_application_and_login_to_App()
    When Click recruitment                    # OrangeHrmRecruitSteps.click_recruitment()
    Then Click on Add Button                  # OrangeHrmRecruitSteps.click_on_Add_Button()
    Then Enter firstname and lastname         # OrangeHrmRecruitSteps.enter_firstname_and_lastname()
    Then Enter email and contact no           # OrangeHrmRecruitSteps.enter_email_and_contact_no()
    Then upload Resume                        # OrangeHrmRecruitSteps.upload_Resume()
      org.openqa.selenium.InvalidArgumentException: invalid argument: File not found : C:\Users\itsdi\Downloads\Files\smaple resume.docx
        (Session info: chrome=84.0.4147.135)
      Build info: version: '3.141.59', revision: 'e82be7d358', time: '2018-11-14T08:17:03'
      System info: host: 'ABI', ip: '192.168.0.14', os.name: 'Windows 10', os.arch: 'amd64', os.version: '10.0', java.version: '13.0.2'
      Driver info: org.openqa.selenium.chrome.ChromeDriver
      Capabilities {acceptInsecureCerts: false, browserName: chrome, browserVersion: 84.0.4147.135, chrome: {chromedriverVersion: 83.0.4103.39 (ccbf011cb2d2b..., userDataDir: C:\Users\itsdi\AppData\Loca...}, goog:chromeOptions: {debuggerAddress: localhost:63542}, javascriptEnabled: true, networkConnectionEnabled: false, pageLoadStrategy: normal, platform: WINDOWS, platformName: WINDOWS, proxy: Proxy(), setWindowRect: true, strictFileInteractability: false, timeouts: {implicit: 0, pageLoad: 300000, script: 30000}, unhandledPromptBehavior: dismiss and notify, webauthn:virtualAuthenticators: true}
      Session ID: d080cffdb8fd80434c6841edfa0a7b3c
      	at java.base/jdk.internal.reflect.NativeConstructorAccessorImpl.newInstance0(Native Method)
      	at java.base/jdk.internal.reflect.NativeConstructorAccessorImpl.newInstance(NativeConstructorAccessorImpl.java:62)
      	at java.base/jdk.internal.reflect.DelegatingConstructorAccessorImpl.newInstance(DelegatingConstructorAccessorImpl.java:45)
      	at java.base/java.lang.reflect.Constructor.newInstanceWithCaller(Constructor.java:500)
      	at java.base/java.lang.reflect.Constructor.newInstance(Constructor.java:481)
      	at org.openqa.selenium.remote.http.W3CHttpResponseCodec.createException(W3CHttpResponseCodec.java:187)
      	at org.openqa.selenium.remote.http.W3CHttpResponseCodec.decode(W3CHttpResponseCodec.java:122)
      	at org.openqa.selenium.remote.http.W3CHttpResponseCodec.decode(W3CHttpResponseCodec.java:49)
      	at org.openqa.selenium.remote.HttpCommandExecutor.execute(HttpCommandExecutor.java:158)
      	at org.openqa.selenium.remote.service.DriverCommandExecutor.execute(DriverCommandExecutor.java:83)
      	at org.openqa.selenium.remote.RemoteWebDriver.execute(RemoteWebDriver.java:552)
      	at org.openqa.selenium.remote.RemoteWebElement.execute(RemoteWebElement.java:285)
      	at org.openqa.selenium.remote.RemoteWebElement.sendKeys(RemoteWebElement.java:106)
      	at java.base/jdk.internal.reflect.NativeMethodAccessorImpl.invoke0(Native Method)
      	at java.base/jdk.internal.reflect.NativeMethodAccessorImpl.invoke(NativeMethodAccessorImpl.java:62)
      	at java.base/jdk.internal.reflect.DelegatingMethodAccessorImpl.invoke(DelegatingMethodAccessorImpl.java:43)
      	at java.base/java.lang.reflect.Method.invoke(Method.java:567)
      	at org.openqa.selenium.support.pagefactory.internal.LocatingElementHandler.invoke(LocatingElementHandler.java:51)
      	at com.sun.proxy.$Proxy57.sendKeys(Unknown Source)
      	at com.pages.RecruitmentPage.candResume(RecruitmentPage.java:129)
      	at com.stepdefinition.OrangeHrmRecruitSteps.upload_Resume(OrangeHrmRecruitSteps.java:52)
      	at ?.Then upload Resume(C:/Users/itsdi/eclipse-workspace/CucumberHybrid/src/test/resources/Features/Testcase.feature:41)

    Then select date of application           # OrangeHrmRecruitSteps.select_date_of_application()
    Then save the application                 # OrangeHrmRecruitSteps.save_the_application()
    And screenshot and close application      # OrangeHrmRecruitSteps.screenshot_and_close_application()
]]></system-out>
    <system-err><![CDATA[Starting ChromeDriver 83.0.4103.39 (ccbf011cb2d2b19b506d844400483861342c20cd-refs/branch-heads/4103@{#416}) on port 24645
Only local connections are allowed.
Please see https://chromedriver.chromium.org/security-considerations for suggestions on keeping ChromeDriver safe.
ChromeDriver was started successfully.
[1598771635.136][WARNING]: This version of ChromeDriver has not been tested with Chrome version 84.
Aug 30, 2020 12:13:57 AM org.openqa.selenium.remote.ProtocolHandshake createSession
INFO: Detected dialect: W3C
Starting ChromeDriver 83.0.4103.39 (ccbf011cb2d2b19b506d844400483861342c20cd-refs/branch-heads/4103@{#416}) on port 10737
Only local connections are allowed.
Please see https://chromedriver.chromium.org/security-considerations for suggestions on keeping ChromeDriver safe.
ChromeDriver was started successfully.
[1598771651.413][WARNING]: This version of ChromeDriver has not been tested with Chrome version 84.
Aug 30, 2020 12:14:13 AM org.openqa.selenium.remote.ProtocolHandshake createSession
INFO: Detected dialect: W3C
Starting ChromeDriver 83.0.4103.39 (ccbf011cb2d2b19b506d844400483861342c20cd-refs/branch-heads/4103@{#416}) on port 29038
Only local connections are allowed.
Please see https://chromedriver.chromium.org/security-considerations for suggestions on keeping ChromeDriver safe.
ChromeDriver was started successfully.
[1598771660.328][WARNING]: This version of ChromeDriver has not been tested with Chrome version 84.
Aug 30, 2020 12:14:22 AM org.openqa.selenium.remote.ProtocolHandshake createSession
INFO: Detected dialect: W3C
Starting ChromeDriver 83.0.4103.39 (ccbf011cb2d2b19b506d844400483861342c20cd-refs/branch-heads/4103@{#416}) on port 1025
Only local connections are allowed.
Please see https://chromedriver.chromium.org/security-considerations for suggestions on keeping ChromeDriver safe.
ChromeDriver was started successfully.
[1598771672.535][WARNING]: This version of ChromeDriver has not been tested with Chrome version 84.
Aug 30, 2020 12:14:34 AM org.openqa.selenium.remote.ProtocolHandshake createSession
INFO: Detected dialect: W3C
]]></system-err>
  </testcase>
  <testcase name="feature" classname="com.testRunner.TestRunner2" time="46.563">
    <failure message="cucumber.runtime.CucumberException: Arity mismatch: Step Definition &apos;com.stepdefinition.OrangeHrmAdminSteps.enter_username() in file:/C:/Users/itsdi/eclipse-workspace/CucumberHybrid/target/test-classes/&apos; with pattern [^Enter username$] is declared with 0 parameters. However, the gherkin step has 1 arguments [Table:[[rithika]]]. &#10;Step: Then Enter username" type="cucumber.runtime.CucumberException"><![CDATA[cucumber.runtime.CucumberException: 
cucumber.runtime.CucumberException: Arity mismatch: Step Definition 'com.stepdefinition.OrangeHrmAdminSteps.enter_username() in file:/C:/Users/itsdi/eclipse-workspace/CucumberHybrid/target/test-classes/' with pattern [^Enter username$] is declared with 0 parameters. However, the gherkin step has 1 arguments [Table:[[rithika]]]. 
Step: Then Enter username
Caused by: cucumber.runtime.CucumberException: 
Arity mismatch: Step Definition 'com.stepdefinition.OrangeHrmAdminSteps.enter_username() in file:/C:/Users/itsdi/eclipse-workspace/CucumberHybrid/target/test-classes/' with pattern [^Enter username$] is declared with 0 parameters. However, the gherkin step has 1 arguments [Table:[[rithika]]]. 
Step: Then Enter username
]]></failure>
    <system-out><![CDATA[
Failed scenarios:
C:/Users/itsdi/eclipse-workspace/CucumberHybrid/src/test/resources/Features/Testcase.feature:20 # Scenario: Click on Admin Search
C:/Users/itsdi/eclipse-workspace/CucumberHybrid/src/test/resources/Features/Testcase.feature:34 # Scenario: Add candidate in recruitment menu

4 Scenarios (2 failed, 2 passed)
27 Steps (2 failed, 8 skipped, 17 passed)
0m51.765s

cucumber.runtime.CucumberException: Arity mismatch: Step Definition 'com.stepdefinition.OrangeHrmAdminSteps.enter_username() in file:/C:/Users/itsdi/eclipse-workspace/CucumberHybrid/target/test-classes/' with pattern [^Enter username$] is declared with 0 parameters. However, the gherkin step has 1 arguments [Table:[[rithika]]]. 
Step: Then Enter username
	at cucumber.runtime.StepDefinitionMatch.arityMismatch(StepDefinitionMatch.java:102)
	at cucumber.runtime.StepDefinitionMatch.transformedArgs(StepDefinitionMatch.java:60)
	at cucumber.runtime.StepDefinitionMatch.runStep(StepDefinitionMatch.java:37)
	at cucumber.runtime.Runtime.runStep(Runtime.java:300)
	at cucumber.runtime.model.StepContainer.runStep(StepContainer.java:44)
	at cucumber.runtime.model.StepContainer.runSteps(StepContainer.java:39)
	at cucumber.runtime.model.CucumberScenario.run(CucumberScenario.java:44)
	at cucumber.runtime.model.CucumberFeature.run(CucumberFeature.java:165)
	at cucumber.api.testng.TestNGCucumberRunner.runCucumber(TestNGCucumberRunner.java:63)
	at cucumber.api.testng.AbstractTestNGCucumberTests.feature(AbstractTestNGCucumberTests.java:21)
	at java.base/jdk.internal.reflect.NativeMethodAccessorImpl.invoke0(Native Method)
	at java.base/jdk.internal.reflect.NativeMethodAccessorImpl.invoke(NativeMethodAccessorImpl.java:62)
	at java.base/jdk.internal.reflect.DelegatingMethodAccessorImpl.invoke(DelegatingMethodAccessorImpl.java:43)
	at java.base/java.lang.reflect.Method.invoke(Method.java:567)
	at org.testng.internal.MethodInvocationHelper.invokeMethod(MethodInvocationHelper.java:133)
	at org.testng.internal.TestInvoker.invokeMethod(TestInvoker.java:584)
	at org.testng.internal.TestInvoker.invokeTestMethod(TestInvoker.java:172)
	at org.testng.internal.MethodRunner.runInSequence(MethodRunner.java:46)
	at org.testng.internal.TestInvoker$MethodInvocationAgent.invoke(TestInvoker.java:804)
	at org.testng.internal.TestInvoker.invokeTestMethods(TestInvoker.java:145)
	at org.testng.internal.TestMethodWorker.invokeTestMethods(TestMethodWorker.java:146)
	at org.testng.internal.TestMethodWorker.run(TestMethodWorker.java:128)
	at java.base/java.util.ArrayList.forEach(ArrayList.java:1507)
	at org.testng.TestRunner.privateRun(TestRunner.java:770)
	at org.testng.TestRunner.run(TestRunner.java:591)
	at org.testng.SuiteRunner.runTest(SuiteRunner.java:402)
	at org.testng.SuiteRunner.runSequentially(SuiteRunner.java:396)
	at org.testng.SuiteRunner.privateRun(SuiteRunner.java:355)
	at org.testng.SuiteRunner.run(SuiteRunner.java:304)
	at org.testng.SuiteRunnerWorker.runSuite(SuiteRunnerWorker.java:53)
	at org.testng.SuiteRunnerWorker.run(SuiteRunnerWorker.java:96)
	at org.testng.TestNG.runSuitesSequentially(TestNG.java:1180)
	at org.testng.TestNG.runSuitesLocally(TestNG.java:1102)
	at org.testng.TestNG.runSuites(TestNG.java:1032)
	at org.testng.TestNG.run(TestNG.java:1000)
	at org.apache.maven.surefire.testng.TestNGExecutor.run(TestNGExecutor.java:283)
	at org.apache.maven.surefire.testng.TestNGXmlTestSuite.execute(TestNGXmlTestSuite.java:75)
	at org.apache.maven.surefire.testng.TestNGProvider.invoke(TestNGProvider.java:120)
	at java.base/jdk.internal.reflect.NativeMethodAccessorImpl.invoke0(Native Method)
	at java.base/jdk.internal.reflect.NativeMethodAccessorImpl.invoke(NativeMethodAccessorImpl.java:62)
	at java.base/jdk.internal.reflect.DelegatingMethodAccessorImpl.invoke(DelegatingMethodAccessorImpl.java:43)
	at java.base/java.lang.reflect.Method.invoke(Method.java:567)
	at org.apache.maven.surefire.util.ReflectionUtils.invokeMethodWithArray2(ReflectionUtils.java:186)
	at org.apache.maven.surefire.booter.ProviderFactory$ProviderProxy.invoke(ProviderFactory.java:161)
	at org.apache.maven.surefire.booter.ProviderFactory.invokeProvider(ProviderFactory.java:84)
	at org.apache.maven.plugin.surefire.InPluginVMSurefireStarter.runSuitesInProcess(InPluginVMSurefireStarter.java:87)
	at org.apache.maven.plugin.surefire.AbstractSurefireMojo.executeProvider(AbstractSurefireMojo.java:1198)
	at org.apache.maven.plugin.surefire.AbstractSurefireMojo.executeAfterPreconditionsChecked(AbstractSurefireMojo.java:1063)
	at org.apache.maven.plugin.surefire.AbstractSurefireMojo.execute(AbstractSurefireMojo.java:889)
	at org.apache.maven.plugin.DefaultBuildPluginManager.executeMojo(DefaultBuildPluginManager.java:137)
	at org.apache.maven.lifecycle.internal.MojoExecutor.execute(MojoExecutor.java:210)
	at org.apache.maven.lifecycle.internal.MojoExecutor.execute(MojoExecutor.java:156)
	at org.apache.maven.lifecycle.internal.MojoExecutor.execute(MojoExecutor.java:148)
	at org.apache.maven.lifecycle.internal.LifecycleModuleBuilder.buildProject(LifecycleModuleBuilder.java:117)
	at org.apache.maven.lifecycle.internal.LifecycleModuleBuilder.buildProject(LifecycleModuleBuilder.java:81)
	at org.apache.maven.lifecycle.internal.builder.singlethreaded.SingleThreadedBuilder.build(SingleThreadedBuilder.java:56)
	at org.apache.maven.lifecycle.internal.LifecycleStarter.execute(LifecycleStarter.java:128)
	at org.apache.maven.DefaultMaven.doExecute(DefaultMaven.java:305)
	at org.apache.maven.DefaultMaven.doExecute(DefaultMaven.java:192)
	at org.apache.maven.DefaultMaven.execute(DefaultMaven.java:105)
	at org.apache.maven.cli.MavenCli.execute(MavenCli.java:957)
	at org.apache.maven.cli.MavenCli.doMain(MavenCli.java:289)
	at org.apache.maven.cli.MavenCli.main(MavenCli.java:193)
	at java.base/jdk.internal.reflect.NativeMethodAccessorImpl.invoke0(Native Method)
	at java.base/jdk.internal.reflect.NativeMethodAccessorImpl.invoke(NativeMethodAccessorImpl.java:62)
	at java.base/jdk.internal.reflect.DelegatingMethodAccessorImpl.invoke(DelegatingMethodAccessorImpl.java:43)
	at java.base/java.lang.reflect.Method.invoke(Method.java:567)
	at org.codehaus.plexus.classworlds.launcher.Launcher.launchEnhanced(Launcher.java:282)
	at org.codehaus.plexus.classworlds.launcher.Launcher.launch(Launcher.java:225)
	at org.codehaus.plexus.classworlds.launcher.Launcher.mainWithExitCode(Launcher.java:406)
	at org.codehaus.plexus.classworlds.launcher.Launcher.main(Launcher.java:347)

org.openqa.selenium.InvalidArgumentException: invalid argument: File not found : C:\Users\itsdi\Downloads\Files\smaple resume.docx
  (Session info: chrome=84.0.4147.135)
Build info: version: '3.141.59', revision: 'e82be7d358', time: '2018-11-14T08:17:03'
System info: host: 'ABI', ip: '192.168.0.14', os.name: 'Windows 10', os.arch: 'amd64', os.version: '10.0', java.version: '13.0.2'
Driver info: org.openqa.selenium.chrome.ChromeDriver
Capabilities {acceptInsecureCerts: false, browserName: chrome, browserVersion: 84.0.4147.135, chrome: {chromedriverVersion: 83.0.4103.39 (ccbf011cb2d2b..., userDataDir: C:\Users\itsdi\AppData\Loca...}, goog:chromeOptions: {debuggerAddress: localhost:63542}, javascriptEnabled: true, networkConnectionEnabled: false, pageLoadStrategy: normal, platform: WINDOWS, platformName: WINDOWS, proxy: Proxy(), setWindowRect: true, strictFileInteractability: false, timeouts: {implicit: 0, pageLoad: 300000, script: 30000}, unhandledPromptBehavior: dismiss and notify, webauthn:virtualAuthenticators: true}
Session ID: d080cffdb8fd80434c6841edfa0a7b3c
	at java.base/jdk.internal.reflect.NativeConstructorAccessorImpl.newInstance0(Native Method)
	at java.base/jdk.internal.reflect.NativeConstructorAccessorImpl.newInstance(NativeConstructorAccessorImpl.java:62)
	at java.base/jdk.internal.reflect.DelegatingConstructorAccessorImpl.newInstance(DelegatingConstructorAccessorImpl.java:45)
	at java.base/java.lang.reflect.Constructor.newInstanceWithCaller(Constructor.java:500)
	at java.base/java.lang.reflect.Constructor.newInstance(Constructor.java:481)
	at org.openqa.selenium.remote.http.W3CHttpResponseCodec.createException(W3CHttpResponseCodec.java:187)
	at org.openqa.selenium.remote.http.W3CHttpResponseCodec.decode(W3CHttpResponseCodec.java:122)
	at org.openqa.selenium.remote.http.W3CHttpResponseCodec.decode(W3CHttpResponseCodec.java:49)
	at org.openqa.selenium.remote.HttpCommandExecutor.execute(HttpCommandExecutor.java:158)
	at org.openqa.selenium.remote.service.DriverCommandExecutor.execute(DriverCommandExecutor.java:83)
	at org.openqa.selenium.remote.RemoteWebDriver.execute(RemoteWebDriver.java:552)
	at org.openqa.selenium.remote.RemoteWebElement.execute(RemoteWebElement.java:285)
	at org.openqa.selenium.remote.RemoteWebElement.sendKeys(RemoteWebElement.java:106)
	at java.base/jdk.internal.reflect.NativeMethodAccessorImpl.invoke0(Native Method)
	at java.base/jdk.internal.reflect.NativeMethodAccessorImpl.invoke(NativeMethodAccessorImpl.java:62)
	at java.base/jdk.internal.reflect.DelegatingMethodAccessorImpl.invoke(DelegatingMethodAccessorImpl.java:43)
	at java.base/java.lang.reflect.Method.invoke(Method.java:567)
	at org.openqa.selenium.support.pagefactory.internal.LocatingElementHandler.invoke(LocatingElementHandler.java:51)
	at com.sun.proxy.$Proxy57.sendKeys(Unknown Source)
	at com.pages.RecruitmentPage.candResume(RecruitmentPage.java:129)
	at com.stepdefinition.OrangeHrmRecruitSteps.upload_Resume(OrangeHrmRecruitSteps.java:52)
	at ✽.Then upload Resume(C:/Users/itsdi/eclipse-workspace/CucumberHybrid/src/test/resources/Features/Testcase.feature:41)

@orangeHRM
Feature: OrangeHrm website

  @tc_01_login
  Scenario Outline: validate the login functionality # C:/Users/itsdi/eclipse-workspace/CucumberHybrid/src/test/resources/Features/Testcase.feature:5
    Given Launch the browser and enter the url
    When login page is opened
    Then enter the "<username>" and "<password>"
    Then Click the login
    And Take screenshots and quit browser

    Examples: 
2020-08-30 00:14:50.129 INFO [main] [com.baseclass.library] [launchApplication] [com.baseclass.library.launchApplication(library.java:40)] - Chrome Browser is launched 
chrome Browser launch
2020-08-30 00:14:53.592 INFO [main] [com.baseclass.library] [launchApplication] [com.baseclass.library.launchApplication(library.java:46)] - url is entered in the browser
OrangeHRM
2020-08-30 00:14:56.245 INFO [main] [com.baseclass.library] [click_the_login] [com.stepdefinition.OrangeHrmLoginTestSteps.click_the_login(OrangeHrmLoginTestSteps.java:46)] - login page =======>
C:\Users\itsdi\eclipse-workspace\CucumberHybrid\src\test\resources\Screenshots\orange1598771696259.png
2020-08-30 00:14:57.315 INFO [main] [com.baseclass.library] [quit] [com.baseclass.library.quit(library.java:55)] - Window is closed

  @tc_01_login @orangeHRM
  Scenario Outline: validate the login functionality # C:/Users/itsdi/eclipse-workspace/CucumberHybrid/src/test/resources/Features/Testcase.feature:15
    Given Launch the browser and enter the url       # OrangeHrmLoginTestSteps.launch_the_browser_and_enter_the_url()
    When login page is opened                        # OrangeHrmLoginTestSteps.login_page_is_opened()
    Then enter the "Admin" and "admin123"            # OrangeHrmLoginTestSteps.enter_the_and(String,String)
    Then Click the login                             # OrangeHrmLoginTestSteps.click_the_login()
    And Take screenshots and quit browser            # OrangeHrmLoginTestSteps.take_screenshots_and_quit_browser()
2020-08-30 00:15:01.096 INFO [main] [com.baseclass.library] [launchApplication] [com.baseclass.library.launchApplication(library.java:40)] - Chrome Browser is launched 
chrome Browser launch
2020-08-30 00:15:04.516 INFO [main] [com.baseclass.library] [launchApplication] [com.baseclass.library.launchApplication(library.java:46)] - url is entered in the browser
OrangeHRM
2020-08-30 00:15:05.565 INFO [main] [com.baseclass.library] [click_the_login] [com.stepdefinition.OrangeHrmLoginTestSteps.click_the_login(OrangeHrmLoginTestSteps.java:46)] - login page =======>
C:\Users\itsdi\eclipse-workspace\CucumberHybrid\src\test\resources\Screenshots\orange1598771705585.png
2020-08-30 00:15:06.404 INFO [main] [com.baseclass.library] [quit] [com.baseclass.library.quit(library.java:55)] - Window is closed

  @tc_01_login @orangeHRM
  Scenario Outline: validate the login functionality # C:/Users/itsdi/eclipse-workspace/CucumberHybrid/src/test/resources/Features/Testcase.feature:16
    Given Launch the browser and enter the url       # OrangeHrmLoginTestSteps.launch_the_browser_and_enter_the_url()
    When login page is opened                        # OrangeHrmLoginTestSteps.login_page_is_opened()
    Then enter the "Admins" and "admin124"           # OrangeHrmLoginTestSteps.enter_the_and(String,String)
    Then Click the login                             # OrangeHrmLoginTestSteps.click_the_login()
    And Take screenshots and quit browser            # OrangeHrmLoginTestSteps.take_screenshots_and_quit_browser()
2020-08-30 00:15:09.966 INFO [main] [com.baseclass.library] [launchApplication] [com.baseclass.library.launchApplication(library.java:40)] - Chrome Browser is launched 
chrome Browser launch
2020-08-30 00:15:13.702 INFO [main] [com.baseclass.library] [launchApplication] [com.baseclass.library.launchApplication(library.java:46)] - url is entered in the browser

  @tc_01_AdminSearch
  Scenario: Click on Admin Search                # C:/Users/itsdi/eclipse-workspace/CucumberHybrid/src/test/resources/Features/Testcase.feature:20
    Given Launch orangehrm application and login # OrangeHrmAdminSteps.launch_orangehrm_application_and_login()
    When Select Admin menu                       # OrangeHrmAdminSteps.select_Admin_menu()
    Then Enter username                          # OrangeHrmAdminSteps.enter_username()
      cucumber.runtime.CucumberException: Arity mismatch: Step Definition 'com.stepdefinition.OrangeHrmAdminSteps.enter_username() in file:/C:/Users/itsdi/eclipse-workspace/CucumberHybrid/target/test-classes/' with pattern [^Enter username$] is declared with 0 parameters. However, the gherkin step has 1 arguments [Table:[[rithika]]]. 
      Step: Then Enter username
      	at cucumber.runtime.StepDefinitionMatch.arityMismatch(StepDefinitionMatch.java:102)
      	at cucumber.runtime.StepDefinitionMatch.transformedArgs(StepDefinitionMatch.java:60)
      	at cucumber.runtime.StepDefinitionMatch.runStep(StepDefinitionMatch.java:37)
      	at cucumber.runtime.Runtime.runStep(Runtime.java:300)
      	at cucumber.runtime.model.StepContainer.runStep(StepContainer.java:44)
      	at cucumber.runtime.model.StepContainer.runSteps(StepContainer.java:39)
      	at cucumber.runtime.model.CucumberScenario.run(CucumberScenario.java:44)
      	at cucumber.runtime.model.CucumberFeature.run(CucumberFeature.java:165)
      	at cucumber.api.testng.TestNGCucumberRunner.runCucumber(TestNGCucumberRunner.java:63)
      	at cucumber.api.testng.AbstractTestNGCucumberTests.feature(AbstractTestNGCucumberTests.java:21)
      	at java.base/jdk.internal.reflect.NativeMethodAccessorImpl.invoke0(Native Method)
      	at java.base/jdk.internal.reflect.NativeMethodAccessorImpl.invoke(NativeMethodAccessorImpl.java:62)
      	at java.base/jdk.internal.reflect.DelegatingMethodAccessorImpl.invoke(DelegatingMethodAccessorImpl.java:43)
      	at java.base/java.lang.reflect.Method.invoke(Method.java:567)
      	at org.testng.internal.MethodInvocationHelper.invokeMethod(MethodInvocationHelper.java:133)
      	at org.testng.internal.TestInvoker.invokeMethod(TestInvoker.java:584)
      	at org.testng.internal.TestInvoker.invokeTestMethod(TestInvoker.java:172)
      	at org.testng.internal.MethodRunner.runInSequence(MethodRunner.java:46)
      	at org.testng.internal.TestInvoker$MethodInvocationAgent.invoke(TestInvoker.java:804)
      	at org.testng.internal.TestInvoker.invokeTestMethods(TestInvoker.java:145)
      	at org.testng.internal.TestMethodWorker.invokeTestMethods(TestMethodWorker.java:146)
      	at org.testng.internal.TestMethodWorker.run(TestMethodWorker.java:128)
      	at java.base/java.util.ArrayList.forEach(ArrayList.java:1507)
      	at org.testng.TestRunner.privateRun(TestRunner.java:770)
      	at org.testng.TestRunner.run(TestRunner.java:591)
      	at org.testng.SuiteRunner.runTest(SuiteRunner.java:402)
      	at org.testng.SuiteRunner.runSequentially(SuiteRunner.java:396)
      	at org.testng.SuiteRunner.privateRun(SuiteRunner.java:355)
      	at org.testng.SuiteRunner.run(SuiteRunner.java:304)
      	at org.testng.SuiteRunnerWorker.runSuite(SuiteRunnerWorker.java:53)
      	at org.testng.SuiteRunnerWorker.run(SuiteRunnerWorker.java:96)
      	at org.testng.TestNG.runSuitesSequentially(TestNG.java:1180)
      	at org.testng.TestNG.runSuitesLocally(TestNG.java:1102)
      	at org.testng.TestNG.runSuites(TestNG.java:1032)
      	at org.testng.TestNG.run(TestNG.java:1000)
      	at org.apache.maven.surefire.testng.TestNGExecutor.run(TestNGExecutor.java:283)
      	at org.apache.maven.surefire.testng.TestNGXmlTestSuite.execute(TestNGXmlTestSuite.java:75)
      	at org.apache.maven.surefire.testng.TestNGProvider.invoke(TestNGProvider.java:120)
      	at java.base/jdk.internal.reflect.NativeMethodAccessorImpl.invoke0(Native Method)
      	at java.base/jdk.internal.reflect.NativeMethodAccessorImpl.invoke(NativeMethodAccessorImpl.java:62)
      	at java.base/jdk.internal.reflect.DelegatingMethodAccessorImpl.invoke(DelegatingMethodAccessorImpl.java:43)
      	at java.base/java.lang.reflect.Method.invoke(Method.java:567)
      	at org.apache.maven.surefire.util.ReflectionUtils.invokeMethodWithArray2(ReflectionUtils.java:186)
      	at org.apache.maven.surefire.booter.ProviderFactory$ProviderProxy.invoke(ProviderFactory.java:161)
      	at org.apache.maven.surefire.booter.ProviderFactory.invokeProvider(ProviderFactory.java:84)
      	at org.apache.maven.plugin.surefire.InPluginVMSurefireStarter.runSuitesInProcess(InPluginVMSurefireStarter.java:87)
      	at org.apache.maven.plugin.surefire.AbstractSurefireMojo.executeProvider(AbstractSurefireMojo.java:1198)
      	at org.apache.maven.plugin.surefire.AbstractSurefireMojo.executeAfterPreconditionsChecked(AbstractSurefireMojo.java:1063)
      	at org.apache.maven.plugin.surefire.AbstractSurefireMojo.execute(AbstractSurefireMojo.java:889)
      	at org.apache.maven.plugin.DefaultBuildPluginManager.executeMojo(DefaultBuildPluginManager.java:137)
      	at org.apache.maven.lifecycle.internal.MojoExecutor.execute(MojoExecutor.java:210)
      	at org.apache.maven.lifecycle.internal.MojoExecutor.execute(MojoExecutor.java:156)
      	at org.apache.maven.lifecycle.internal.MojoExecutor.execute(MojoExecutor.java:148)
      	at org.apache.maven.lifecycle.internal.LifecycleModuleBuilder.buildProject(LifecycleModuleBuilder.java:117)
      	at org.apache.maven.lifecycle.internal.LifecycleModuleBuilder.buildProject(LifecycleModuleBuilder.java:81)
      	at org.apache.maven.lifecycle.internal.builder.singlethreaded.SingleThreadedBuilder.build(SingleThreadedBuilder.java:56)
      	at org.apache.maven.lifecycle.internal.LifecycleStarter.execute(LifecycleStarter.java:128)
      	at org.apache.maven.DefaultMaven.doExecute(DefaultMaven.java:305)
      	at org.apache.maven.DefaultMaven.doExecute(DefaultMaven.java:192)
      	at org.apache.maven.DefaultMaven.execute(DefaultMaven.java:105)
      	at org.apache.maven.cli.MavenCli.execute(MavenCli.java:957)
      	at org.apache.maven.cli.MavenCli.doMain(MavenCli.java:289)
      	at org.apache.maven.cli.MavenCli.main(MavenCli.java:193)
      	at java.base/jdk.internal.reflect.NativeMethodAccessorImpl.invoke0(Native Method)
      	at java.base/jdk.internal.reflect.NativeMethodAccessorImpl.invoke(NativeMethodAccessorImpl.java:62)
      	at java.base/jdk.internal.reflect.DelegatingMethodAccessorImpl.invoke(DelegatingMethodAccessorImpl.java:43)
      	at java.base/java.lang.reflect.Method.invoke(Method.java:567)
      	at org.codehaus.plexus.classworlds.launcher.Launcher.launchEnhanced(Launcher.java:282)
      	at org.codehaus.plexus.classworlds.launcher.Launcher.launch(Launcher.java:225)
      	at org.codehaus.plexus.classworlds.launcher.Launcher.mainWithExitCode(Launcher.java:406)
      	at org.codehaus.plexus.classworlds.launcher.Launcher.main(Launcher.java:347)

    Then Select userrole                         # OrangeHrmAdminSteps.select_userrole()
    Then Enter Employeename                      # OrangeHrmAdminSteps.enter_Employeename()
    Then Select Status                           # OrangeHrmAdminSteps.select_Status()
    Then Click Search button                     # OrangeHrmAdminSteps.click_Search_button()
    And Taking screenshots and quit application  # OrangeHrmAdminSteps.take_screenshots_and_quit_browser()
2020-08-30 00:15:22.719 INFO [main] [com.baseclass.library] [launchApplication] [com.baseclass.library.launchApplication(library.java:40)] - Chrome Browser is launched 
chrome Browser launch
2020-08-30 00:15:26.108 INFO [main] [com.baseclass.library] [launchApplication] [com.baseclass.library.launchApplication(library.java:46)] - url is entered in the browser

  @tc_01_Recuritment
  Scenario: Add candidate in recruitment menu # C:/Users/itsdi/eclipse-workspace/CucumberHybrid/src/test/resources/Features/Testcase.feature:34
    Given Launch application and login to App # OrangeHrmRecruitSteps.launch_application_and_login_to_App()
    When Click recruitment                    # OrangeHrmRecruitSteps.click_recruitment()
    Then Click on Add Button                  # OrangeHrmRecruitSteps.click_on_Add_Button()
    Then Enter firstname and lastname         # OrangeHrmRecruitSteps.enter_firstname_and_lastname()
    Then Enter email and contact no           # OrangeHrmRecruitSteps.enter_email_and_contact_no()
    Then upload Resume                        # OrangeHrmRecruitSteps.upload_Resume()
      org.openqa.selenium.InvalidArgumentException: invalid argument: File not found : C:\Users\itsdi\Downloads\Files\smaple resume.docx
        (Session info: chrome=84.0.4147.135)
      Build info: version: '3.141.59', revision: 'e82be7d358', time: '2018-11-14T08:17:03'
      System info: host: 'ABI', ip: '192.168.0.14', os.name: 'Windows 10', os.arch: 'amd64', os.version: '10.0', java.version: '13.0.2'
      Driver info: org.openqa.selenium.chrome.ChromeDriver
      Capabilities {acceptInsecureCerts: false, browserName: chrome, browserVersion: 84.0.4147.135, chrome: {chromedriverVersion: 83.0.4103.39 (ccbf011cb2d2b..., userDataDir: C:\Users\itsdi\AppData\Loca...}, goog:chromeOptions: {debuggerAddress: localhost:63644}, javascriptEnabled: true, networkConnectionEnabled: false, pageLoadStrategy: normal, platform: WINDOWS, platformName: WINDOWS, proxy: Proxy(), setWindowRect: true, strictFileInteractability: false, timeouts: {implicit: 0, pageLoad: 300000, script: 30000}, unhandledPromptBehavior: dismiss and notify, webauthn:virtualAuthenticators: true}
      Session ID: 74ff177f5aa4e3650637a2fa3f2438e2
      	at java.base/jdk.internal.reflect.NativeConstructorAccessorImpl.newInstance0(Native Method)
      	at java.base/jdk.internal.reflect.NativeConstructorAccessorImpl.newInstance(NativeConstructorAccessorImpl.java:62)
      	at java.base/jdk.internal.reflect.DelegatingConstructorAccessorImpl.newInstance(DelegatingConstructorAccessorImpl.java:45)
      	at java.base/java.lang.reflect.Constructor.newInstanceWithCaller(Constructor.java:500)
      	at java.base/java.lang.reflect.Constructor.newInstance(Constructor.java:481)
      	at org.openqa.selenium.remote.http.W3CHttpResponseCodec.createException(W3CHttpResponseCodec.java:187)
      	at org.openqa.selenium.remote.http.W3CHttpResponseCodec.decode(W3CHttpResponseCodec.java:122)
      	at org.openqa.selenium.remote.http.W3CHttpResponseCodec.decode(W3CHttpResponseCodec.java:49)
      	at org.openqa.selenium.remote.HttpCommandExecutor.execute(HttpCommandExecutor.java:158)
      	at org.openqa.selenium.remote.service.DriverCommandExecutor.execute(DriverCommandExecutor.java:83)
      	at org.openqa.selenium.remote.RemoteWebDriver.execute(RemoteWebDriver.java:552)
      	at org.openqa.selenium.remote.RemoteWebElement.execute(RemoteWebElement.java:285)
      	at org.openqa.selenium.remote.RemoteWebElement.sendKeys(RemoteWebElement.java:106)
      	at jdk.internal.reflect.GeneratedMethodAccessor42.invoke(Unknown Source)
      	at java.base/jdk.internal.reflect.DelegatingMethodAccessorImpl.invoke(DelegatingMethodAccessorImpl.java:43)
      	at java.base/java.lang.reflect.Method.invoke(Method.java:567)
      	at org.openqa.selenium.support.pagefactory.internal.LocatingElementHandler.invoke(LocatingElementHandler.java:51)
      	at com.sun.proxy.$Proxy57.sendKeys(Unknown Source)
      	at com.pages.RecruitmentPage.candResume(RecruitmentPage.java:129)
      	at com.stepdefinition.OrangeHrmRecruitSteps.upload_Resume(OrangeHrmRecruitSteps.java:52)
      	at ?.Then upload Resume(C:/Users/itsdi/eclipse-workspace/CucumberHybrid/src/test/resources/Features/Testcase.feature:41)

    Then select date of application           # OrangeHrmRecruitSteps.select_date_of_application()
    Then save the application                 # OrangeHrmRecruitSteps.save_the_application()
    And screenshot and close application      # OrangeHrmRecruitSteps.screenshot_and_close_application()
]]></system-out>
    <system-err><![CDATA[Starting ChromeDriver 83.0.4103.39 (ccbf011cb2d2b19b506d844400483861342c20cd-refs/branch-heads/4103@{#416}) on port 28741
Only local connections are allowed.
Please see https://chromedriver.chromium.org/security-considerations for suggestions on keeping ChromeDriver safe.
ChromeDriver was started successfully.
[1598771687.959][WARNING]: This version of ChromeDriver has not been tested with Chrome version 84.
Aug 30, 2020 12:14:50 AM org.openqa.selenium.remote.ProtocolHandshake createSession
INFO: Detected dialect: W3C
Starting ChromeDriver 83.0.4103.39 (ccbf011cb2d2b19b506d844400483861342c20cd-refs/branch-heads/4103@{#416}) on port 43322
Only local connections are allowed.
Please see https://chromedriver.chromium.org/security-considerations for suggestions on keeping ChromeDriver safe.
ChromeDriver was started successfully.
[1598771698.995][WARNING]: This version of ChromeDriver has not been tested with Chrome version 84.
Aug 30, 2020 12:15:01 AM org.openqa.selenium.remote.ProtocolHandshake createSession
INFO: Detected dialect: W3C
Starting ChromeDriver 83.0.4103.39 (ccbf011cb2d2b19b506d844400483861342c20cd-refs/branch-heads/4103@{#416}) on port 18922
Only local connections are allowed.
Please see https://chromedriver.chromium.org/security-considerations for suggestions on keeping ChromeDriver safe.
ChromeDriver was started successfully.
[1598771707.871][WARNING]: This version of ChromeDriver has not been tested with Chrome version 84.
Aug 30, 2020 12:15:09 AM org.openqa.selenium.remote.ProtocolHandshake createSession
INFO: Detected dialect: W3C
Starting ChromeDriver 83.0.4103.39 (ccbf011cb2d2b19b506d844400483861342c20cd-refs/branch-heads/4103@{#416}) on port 45728
Only local connections are allowed.
Please see https://chromedriver.chromium.org/security-considerations for suggestions on keeping ChromeDriver safe.
ChromeDriver was started successfully.
[1598771720.628][WARNING]: This version of ChromeDriver has not been tested with Chrome version 84.
Aug 30, 2020 12:15:22 AM org.openqa.selenium.remote.ProtocolHandshake createSession
INFO: Detected dialect: W3C
]]></system-err>
  </testcase>
</testsuite>