<?xml version="1.0" encoding="UTF-8"?>
<testsuite xmlns:xsi="http://www.w3.org/2001/XMLSchema-instance" xsi:noNamespaceSchemaLocation="https://maven.apache.org/surefire/maven-surefire-plugin/xsd/surefire-test-report-3.0.xsd" version="3.0" name="TestSuite" time="104.547" tests="2" errors="0" skipped="0" failures="2">
  <properties>
    <property name="java.specification.version" value="13"/>
    <property name="webdriver.chrome.driver" value="C:\Users\itsdi\Downloads\selenium\drivers\chromedriver.exe"/>
    <property name="sun.cpu.isalist" value="amd64"/>
    <property name="sun.jnu.encoding" value="Cp1252"/>
    <property name="java.class.path" value="C:\apache-maven-3.6.3\bin\..\boot\plexus-classworlds-2.6.0.jar"/>
    <property name="java.vm.vendor" value="Oracle Corporation"/>
    <property name="sun.arch.data.model" value="64"/>
    <property name="user.variant" value=""/>
    <property name="java.vendor.url" value="https://java.oracle.com/"/>
    <property name="user.timezone" value="America/Phoenix"/>
    <property name="maven.conf" value="C:\apache-maven-3.6.3\bin\../conf"/>
    <property name="java.vm.specification.version" value="13"/>
    <property name="os.name" value="Windows 10"/>
    <property name="sun.java.launcher" value="SUN_STANDARD"/>
    <property name="user.country" value="US"/>
    <property name="sun.boot.library.path" value="C:\Program Files\Java\jdk-13.0.2\bin"/>
    <property name="sun.java.command" value="org.codehaus.plexus.classworlds.launcher.Launcher clean install"/>
    <property name="jdk.debug" value="release"/>
    <property name="maven.home" value="C:\apache-maven-3.6.3\bin\.."/>
    <property name="surefire.test.class.path" value="C:\Users\itsdi\eclipse-workspace\CucumberHybrid\target\test-classes;C:\Users\itsdi\eclipse-workspace\CucumberHybrid\target\classes;C:\Users\itsdi\.m2\repository\org\apache\logging\log4j\log4j-core\2.13.2\log4j-core-2.13.2.jar;C:\Users\itsdi\.m2\repository\org\apache\logging\log4j\log4j-api\2.13.2\log4j-api-2.13.2.jar;C:\Users\itsdi\.m2\repository\com\aventstack\extentreports\4.0.8\extentreports-4.0.8.jar;C:\Users\itsdi\.m2\repository\org\freemarker\freemarker\2.3.23\freemarker-2.3.23.jar;C:\Users\itsdi\.m2\repository\org\mongodb\mongodb-driver\3.3.0\mongodb-driver-3.3.0.jar;C:\Users\itsdi\.m2\repository\org\mongodb\mongodb-driver-core\3.3.0\mongodb-driver-core-3.3.0.jar;C:\Users\itsdi\.m2\repository\org\mongodb\bson\3.3.0\bson-3.3.0.jar;C:\Users\itsdi\.m2\repository\org\apache\httpcomponents\httpclient\4.5.2\httpclient-4.5.2.jar;C:\Users\itsdi\.m2\repository\org\apache\httpcomponents\httpcore\4.4.4\httpcore-4.4.4.jar;C:\Users\itsdi\.m2\repository\commons-logging\commons-logging\1.2\commons-logging-1.2.jar;C:\Users\itsdi\.m2\repository\commons-codec\commons-codec\1.9\commons-codec-1.9.jar;C:\Users\itsdi\.m2\repository\org\apache\httpcomponents\httpmime\4.5.2\httpmime-4.5.2.jar;C:\Users\itsdi\.m2\repository\com\google\code\gson\gson\2.8.5\gson-2.8.5.jar;C:\Users\itsdi\.m2\repository\com\vimalselvam\cucumber-extentsreport\3.0.2\cucumber-extentsreport-3.0.2.jar;C:\Users\itsdi\.m2\repository\junit\junit\4.13\junit-4.13.jar;C:\Users\itsdi\.m2\repository\org\hamcrest\hamcrest-core\1.3\hamcrest-core-1.3.jar;C:\Users\itsdi\.m2\repository\info\cukes\cucumber-junit\1.2.5\cucumber-junit-1.2.5.jar;C:\Users\itsdi\.m2\repository\info\cukes\cucumber-core\1.2.5\cucumber-core-1.2.5.jar;C:\Users\itsdi\.m2\repository\info\cukes\cucumber-html\0.2.3\cucumber-html-0.2.3.jar;C:\Users\itsdi\.m2\repository\info\cukes\cucumber-jvm-deps\1.0.5\cucumber-jvm-deps-1.0.5.jar;C:\Users\itsdi\.m2\repository\info\cukes\cucumber-java\1.2.5\cucumber-java-1.2.5.jar;C:\Users\itsdi\.m2\repository\info\cukes\gherkin\2.12.2\gherkin-2.12.2.jar;C:\Users\itsdi\.m2\repository\io\cucumber\cucumber-jvm-deps\1.0.6\cucumber-jvm-deps-1.0.6.jar;C:\Users\itsdi\.m2\repository\org\seleniumhq\selenium\selenium-java\3.141.59\selenium-java-3.141.59.jar;C:\Users\itsdi\.m2\repository\org\seleniumhq\selenium\selenium-api\3.141.59\selenium-api-3.141.59.jar;C:\Users\itsdi\.m2\repository\org\seleniumhq\selenium\selenium-chrome-driver\3.141.59\selenium-chrome-driver-3.141.59.jar;C:\Users\itsdi\.m2\repository\org\seleniumhq\selenium\selenium-edge-driver\3.141.59\selenium-edge-driver-3.141.59.jar;C:\Users\itsdi\.m2\repository\org\seleniumhq\selenium\selenium-firefox-driver\3.141.59\selenium-firefox-driver-3.141.59.jar;C:\Users\itsdi\.m2\repository\org\seleniumhq\selenium\selenium-ie-driver\3.141.59\selenium-ie-driver-3.141.59.jar;C:\Users\itsdi\.m2\repository\org\seleniumhq\selenium\selenium-opera-driver\3.141.59\selenium-opera-driver-3.141.59.jar;C:\Users\itsdi\.m2\repository\org\seleniumhq\selenium\selenium-remote-driver\3.141.59\selenium-remote-driver-3.141.59.jar;C:\Users\itsdi\.m2\repository\org\seleniumhq\selenium\selenium-safari-driver\3.141.59\selenium-safari-driver-3.141.59.jar;C:\Users\itsdi\.m2\repository\org\seleniumhq\selenium\selenium-support\3.141.59\selenium-support-3.141.59.jar;C:\Users\itsdi\.m2\repository\net\bytebuddy\byte-buddy\1.8.15\byte-buddy-1.8.15.jar;C:\Users\itsdi\.m2\repository\org\apache\commons\commons-exec\1.3\commons-exec-1.3.jar;C:\Users\itsdi\.m2\repository\com\google\guava\guava\25.0-jre\guava-25.0-jre.jar;C:\Users\itsdi\.m2\repository\com\google\code\findbugs\jsr305\1.3.9\jsr305-1.3.9.jar;C:\Users\itsdi\.m2\repository\org\checkerframework\checker-compat-qual\2.0.0\checker-compat-qual-2.0.0.jar;C:\Users\itsdi\.m2\repository\com\google\errorprone\error_prone_annotations\2.1.3\error_prone_annotations-2.1.3.jar;C:\Users\itsdi\.m2\repository\com\google\j2objc\j2objc-annotations\1.1\j2objc-annotations-1.1.jar;C:\Users\itsdi\.m2\repository\org\codehaus\mojo\animal-sniffer-annotations\1.14\animal-sniffer-annotations-1.14.jar;C:\Users\itsdi\.m2\repository\com\squareup\okhttp3\okhttp\3.11.0\okhttp-3.11.0.jar;C:\Users\itsdi\.m2\repository\com\squareup\okio\okio\1.14.0\okio-1.14.0.jar;C:\Users\itsdi\.m2\repository\org\apache\poi\poi-ooxml\3.9\poi-ooxml-3.9.jar;C:\Users\itsdi\.m2\repository\org\apache\poi\poi\3.9\poi-3.9.jar;C:\Users\itsdi\.m2\repository\org\apache\poi\poi-ooxml-schemas\3.9\poi-ooxml-schemas-3.9.jar;C:\Users\itsdi\.m2\repository\org\apache\xmlbeans\xmlbeans\2.3.0\xmlbeans-2.3.0.jar;C:\Users\itsdi\.m2\repository\stax\stax-api\1.0.1\stax-api-1.0.1.jar;C:\Users\itsdi\.m2\repository\dom4j\dom4j\1.6.1\dom4j-1.6.1.jar;C:\Users\itsdi\.m2\repository\xml-apis\xml-apis\1.0.b2\xml-apis-1.0.b2.jar;C:\Users\itsdi\.m2\repository\io\qameta\allure\allure-junit4\2.13.3\allure-junit4-2.13.3.jar;C:\Users\itsdi\.m2\repository\io\qameta\allure\allure-java-commons\2.13.3\allure-java-commons-2.13.3.jar;C:\Users\itsdi\.m2\repository\io\qameta\allure\allure-model\2.13.3\allure-model-2.13.3.jar;C:\Users\itsdi\.m2\repository\org\slf4j\slf4j-api\1.7.30\slf4j-api-1.7.30.jar;C:\Users\itsdi\.m2\repository\org\apache\tika\tika-core\1.20\tika-core-1.20.jar;C:\Users\itsdi\.m2\repository\org\jooq\joor-java-8\0.9.10\joor-java-8-0.9.10.jar;C:\Users\itsdi\.m2\repository\info\cukes\cucumber-testng\1.2.5\cucumber-testng-1.2.5.jar;C:\Users\itsdi\.m2\repository\org\testng\testng\7.0.0\testng-7.0.0.jar;C:\Users\itsdi\.m2\repository\com\beust\jcommander\1.72\jcommander-1.72.jar;C:\Users\itsdi\.m2\repository\net\masterthought\cucumber-reporting\5.1.1\cucumber-reporting-5.1.1.jar;C:\Users\itsdi\.m2\repository\com\fasterxml\jackson\core\jackson-databind\2.10.1\jackson-databind-2.10.1.jar;C:\Users\itsdi\.m2\repository\com\fasterxml\jackson\core\jackson-annotations\2.10.1\jackson-annotations-2.10.1.jar;C:\Users\itsdi\.m2\repository\com\fasterxml\jackson\core\jackson-core\2.10.1\jackson-core-2.10.1.jar;C:\Users\itsdi\.m2\repository\com\fasterxml\jackson\datatype\jackson-datatype-jsr310\2.10.1\jackson-datatype-jsr310-2.10.1.jar;C:\Users\itsdi\.m2\repository\org\apache\velocity\velocity-engine-core\2.1\velocity-engine-core-2.1.jar;C:\Users\itsdi\.m2\repository\commons-collections\commons-collections\3.2.2\commons-collections-3.2.2.jar;C:\Users\itsdi\.m2\repository\joda-time\joda-time\2.10.5\joda-time-2.10.5.jar;C:\Users\itsdi\.m2\repository\org\apache\commons\commons-lang3\3.9\commons-lang3-3.9.jar;C:\Users\itsdi\.m2\repository\commons-io\commons-io\2.6\commons-io-2.6.jar;C:\Users\itsdi\.m2\repository\org\codehaus\plexus\plexus-utils\3.3.0\plexus-utils-3.3.0.jar;C:\Users\itsdi\.m2\repository\org\jsoup\jsoup\1.12.1\jsoup-1.12.1.jar;C:\Users\itsdi\.m2\repository\com\googlecode\owasp-java-html-sanitizer\owasp-java-html-sanitizer\20191001.1\owasp-java-html-sanitizer-20191001.1.jar;C:\Users\itsdi\.m2\repository\commons-configuration\commons-configuration\1.10\commons-configuration-1.10.jar;C:\Users\itsdi\.m2\repository\commons-lang\commons-lang\2.6\commons-lang-2.6.jar;"/>
    <property name="sun.cpu.endian" value="little"/>
    <property name="user.home" value="C:\Users\itsdi"/>
    <property name="user.language" value="en"/>
    <property name="sun.stderr.encoding" value="cp437"/>
    <property name="java.specification.vendor" value="Oracle Corporation"/>
    <property name="java.version.date" value="2020-01-14"/>
    <property name="java.home" value="C:\Program Files\Java\jdk-13.0.2"/>
    <property name="file.separator" value="\"/>
    <property name="basedir" value="C:\Users\itsdi\eclipse-workspace\CucumberHybrid"/>
    <property name="java.vm.compressedOopsMode" value="32-bit"/>
    <property name="line.separator" value="&#10;"/>
    <property name="sun.stdout.encoding" value="cp437"/>
    <property name="java.vm.specification.vendor" value="Oracle Corporation"/>
    <property name="java.specification.name" value="Java Platform API Specification"/>
    <property name="user.script" value=""/>
    <property name="sun.management.compiler" value="HotSpot 64-Bit Tiered Compilers"/>
    <property name="java.runtime.version" value="13.0.2+8"/>
    <property name="user.name" value="itsdi"/>
    <property name="path.separator" value=";"/>
    <property name="os.version" value="10.0"/>
    <property name="java.runtime.name" value="Java(TM) SE Runtime Environment"/>
    <property name="file.encoding" value="Cp1252"/>
    <property name="guice.disable.misplaced.annotation.check" value="true"/>
    <property name="java.vm.name" value="Java HotSpot(TM) 64-Bit Server VM"/>
    <property name="localRepository" value="C:\Users\itsdi\.m2\repository"/>
    <property name="java.vendor.url.bug" value="https://bugreport.java.com/bugreport/"/>
    <property name="java.io.tmpdir" value="C:\Users\itsdi\AppData\Local\Temp\"/>
    <property name="java.version" value="13.0.2"/>
    <property name="user.dir" value="C:\Users\itsdi\eclipse-workspace\CucumberHybrid"/>
    <property name="os.arch" value="amd64"/>
    <property name="maven.multiModuleProjectDirectory" value="C:\Users\itsdi\eclipse-workspace\CucumberHybrid"/>
    <property name="java.vm.specification.name" value="Java Virtual Machine Specification"/>
    <property name="sun.os.patch.level" value=""/>
    <property name="java.library.path" value="C:\Program Files\Java\jdk-13.0.2\bin;C:\WINDOWS\Sun\Java\bin;C:\WINDOWS\system32;C:\WINDOWS;C:\Program Files (x86)\Common Files\Oracle\Java\javapath;C:\Program Files (x86)\Intel\iCLS Client\;C:\Program Files\Intel\iCLS Client\;C:\WINDOWS\system32;C:\WINDOWS;C:\WINDOWS\System32\Wbem;C:\WINDOWS\System32\WindowsPowerShell\v1.0\;C:\WINDOWS\System32\OpenSSH\;C:\Program Files\Java\jdk-12.0.2\bin;C:\Program Files (x86)\Intel\Intel(R) Management Engine Components\DAL;C:\Program Files\Intel\Intel(R) Management Engine Components\DAL;C:\Program Files (x86)\Intel\Intel(R) Management Engine Components\IPT;C:\Program Files\Intel\Intel(R) Management Engine Components\IPT;C:\Program Files\Intel\WiFi\bin\;C:\Program Files\Common Files\Intel\WirelessCommon\;C:\Program Files\MySQL\MySQL Shell 8.0\bin;C:\apache-maven-3.6.3\bin;C:\Program Files (x86)\Java\jre1.8.0_241\bin;C:\Program Files\Git\cmd;C:\Users\itsdi\AppData\Local\Android\Sdk;C:\Users\itsdi\AppData\Local\Android\Sdk\tools\bin;C:\Users\itsdi\AppData\Local\Android\Sdk\tools;C:\Users\itsdi\AppData\Local\Android\Sdk\platform-tools;C:\Users\itsdi\AppData\Local\Android\Sdk\emulator\bin64;C:\Users\itsdi\AppData\Local\Android\Sdk\emulator;C:\Program Files\MySQL\MySQL Shell 8.0\bin\;C:\Users\itsdi\AppData\Local\Microsoft\WindowsApps;C:\Program Files\MySQL\MySQL Shell 8.0\bin;C:\Program Files (x86)\Java\jre1.8.0_241\bin;C:\Program Files\Git\cmd;C:\Program Files\JetBrains\IntelliJ IDEA Community Edition 2020.1.1\bin;;C:\Users\itsdi\Downloads\Installables\allure-2.13.3\bin;;."/>
    <property name="java.vm.info" value="mixed mode, sharing"/>
    <property name="java.vendor" value="Oracle Corporation"/>
    <property name="java.vm.version" value="13.0.2+8"/>
    <property name="classworlds.conf" value="C:\apache-maven-3.6.3\bin\..\bin\m2.conf"/>
    <property name="sun.io.unicode.encoding" value="UnicodeLittle"/>
    <property name="library.jansi.path" value="C:\apache-maven-3.6.3\bin\..\lib\jansi-native"/>
    <property name="java.class.version" value="57.0"/>
  </properties>
  <testcase name="feature" classname="com.testRunner.TestRunner" time="53.424">
    <failure message="cucumber.runtime.CucumberException: Arity mismatch: Step Definition &apos;com.stepdefinition.OrangeHrmAdminSteps.enter_username() in file:/C:/Users/itsdi/eclipse-workspace/CucumberHybrid/target/test-classes/&apos; with pattern [^Enter username$] is declared with 0 parameters. However, the gherkin step has 1 arguments [Table:[[rithika]]]. &#10;Step: Then Enter username" type="cucumber.runtime.CucumberException"><![CDATA[cucumber.runtime.CucumberException: 
cucumber.runtime.CucumberException: Arity mismatch: Step Definition 'com.stepdefinition.OrangeHrmAdminSteps.enter_username() in file:/C:/Users/itsdi/eclipse-workspace/CucumberHybrid/target/test-classes/' with pattern [^Enter username$] is declared with 0 parameters. However, the gherkin step has 1 arguments [Table:[[rithika]]]. 
Step: Then Enter username
Caused by: cucumber.runtime.CucumberException: 
Arity mismatch: Step Definition 'com.stepdefinition.OrangeHrmAdminSteps.enter_username() in file:/C:/Users/itsdi/eclipse-workspace/CucumberHybrid/target/test-classes/' with pattern [^Enter username$] is declared with 0 parameters. However, the gherkin step has 1 arguments [Table:[[rithika]]]. 
Step: Then Enter username
]]></failure>
    <system-out><![CDATA[@orangeHRM
Feature: OrangeHrm website

  @tc_01_login
  Scenario Outline: validate the login functionality # C:/Users/itsdi/eclipse-workspace/CucumberHybrid/src/test/resources/Features/Testcase.feature:5
    Given Launch the browser and enter the url
    When login page is opened
    Then enter the "<username>" and "<password>"
    Then Click the login
    And Take screenshots and quit browser

    Examples: 
2020-08-30 00:13:52,536 main ERROR Unable to locate appender "fileLogger" for logger config "root"
2020-08-30 00:13:52,544 main ERROR Unable to locate appender "fileLogger" for logger config "example"
2020-08-30 00:13:57.369 INFO [main] [com.baseclass.library] [launchApplication] [com.baseclass.library.launchApplication(library.java:40)] - Chrome Browser is launched 
chrome Browser launch
2020-08-30 00:14:01.307 INFO [main] [com.baseclass.library] [launchApplication] [com.baseclass.library.launchApplication(library.java:46)] - url is entered in the browser
OrangeHRM
2020-08-30 00:14:04.803 INFO [main] [com.baseclass.library] [click_the_login] [com.stepdefinition.OrangeHrmLoginTestSteps.click_the_login(OrangeHrmLoginTestSteps.java:46)] - login page =======>
C:\Users\itsdi\eclipse-workspace\CucumberHybrid\src\test\resources\Screenshots\orange1598771644829.png
2020-08-30 00:14:09.929 INFO [main] [com.baseclass.library] [quit] [com.baseclass.library.quit(library.java:55)] - Window is closed

  @tc_01_login @orangeHRM
  Scenario Outline: validate the login functionality # C:/Users/itsdi/eclipse-workspace/CucumberHybrid/src/test/resources/Features/Testcase.feature:15
    Given Launch the browser and enter the url       # OrangeHrmLoginTestSteps.launch_the_browser_and_enter_the_url()
    When login page is opened                        # OrangeHrmLoginTestSteps.login_page_is_opened()
    Then enter the "Admin" and "admin123"            # OrangeHrmLoginTestSteps.enter_the_and(String,String)
    Then Click the login                             # OrangeHrmLoginTestSteps.click_the_login()
    And Take screenshots and quit browser            # OrangeHrmLoginTestSteps.take_screenshots_and_quit_browser()
2020-08-30 00:14:13.478 INFO [main] [com.baseclass.library] [launchApplication] [com.baseclass.library.launchApplication(library.java:40)] - Chrome Browser is launched 
chrome Browser launch
2020-08-30 00:14:17.003 INFO [main] [com.baseclass.library] [launchApplication] [com.baseclass.library.launchApplication(library.java:46)] - url is entered in the browser
OrangeHRM
2020-08-30 00:14:18.115 INFO [main] [com.baseclass.library] [click_the_login] [com.stepdefinition.OrangeHrmLoginTestSteps.click_the_login(OrangeHrmLoginTestSteps.java:46)] - login page =======>
C:\Users\itsdi\eclipse-workspace\CucumberHybrid\src\test\resources\Screenshots\orange1598771658133.png
2020-08-30 00:14:18.859 INFO [main] [com.baseclass.library] [quit] [com.baseclass.library.quit(library.java:55)] - Window is closed

  @tc_01_login @orangeHRM
  Scenario Outline: validate the login functionality # C:/Users/itsdi/eclipse-workspace/CucumberHybrid/src/test/resources/Features/Testcase.feature:16
    Given Launch the browser and enter the url       # OrangeHrmLoginTestSteps.launch_the_browser_and_enter_the_url()
    When login page is opened                        # OrangeHrmLoginTestSteps.login_page_is_opened()
    Then enter the "Admins" and "admin124"           # OrangeHrmLoginTestSteps.enter_the_and(String,String)
    Then Click the login                             # OrangeHrmLoginTestSteps.click_the_login()
    And Take screenshots and quit browser            # OrangeHrmLoginTestSteps.take_screenshots_and_quit_browser()
2020-08-30 00:14:22.444 INFO [main] [com.baseclass.library] [launchApplication] [com.baseclass.library.launchApplication(library.java:40)] - Chrome Browser is launched 
chrome Browser launch
2020-08-30 00:14:25.857 INFO [main] [com.baseclass.library] [launchApplication] [com.baseclass.library.launchApplication(library.java:46)] - url is entered in the browser

  @tc_01_AdminSearch
  Scenario: Click on Admin Search                # C:/Users/itsdi/eclipse-workspace/CucumberHybrid/src/test/resources/Features/Testcase.feature:20
    Given Launch orangehrm application and login # OrangeHrmAdminSteps.launch_orangehrm_application_and_login()
    When Select Admin menu                       # OrangeHrmAdminSteps.select_Admin_menu()
    Then Enter username                          # OrangeHrmAdminSteps.enter_username()
      cucumber.runtime.CucumberException: Arity mismatch: Step Definition 'com.stepdefinition.OrangeHrmAdminSteps.enter_username() in file:/C:/Users/itsdi/eclipse-workspace/CucumberHybrid/target/test-classes/' with pattern [^Enter username$] is declared with 0 parameters. However, the gherkin step has 1 arguments [Table:[[rithika]]]. 
      Step: Then Enter username
      	at cucumber.runtime.StepDefinitionMatch.arityMismatch(StepDefinitionMatch.java:102)
      	at cucumber.runtime.StepDefinitionMatch.transformedArgs(StepDefinitionMatch.java:60)
      	at cucumber.runtime.StepDefinitionMatch.runStep(StepDefinitionMatch.java:37)
      	at cucumber.runtime.Runtime.runStep(Runtime.java:300)
      	at cucumber.runtime.model.StepContainer.runStep(StepContainer.java:44)
      	at cucumber.runtime.model.StepContainer.runSteps(StepContainer.java:39)
      	at cucumber.runtime.model.CucumberScenario.run(CucumberScenario.java:44)
      	at cucumber.runtime.model.CucumberFeature.run(CucumberFeature.java:165)
      	at cucumber.api.testng.TestNGCucumberRunner.runCucumber(TestNGCucumberRunner.java:63)
      	at cucumber.api.testng.AbstractTestNGCucumberTests.feature(AbstractTestNGCucumberTests.java:21)
      	at java.base/jdk.internal.reflect.NativeMethodAccessorImpl.invoke0(Native Method)
      	at java.base/jdk.internal.reflect.NativeMethodAccessorImpl.invoke(NativeMethodAccessorImpl.java:62)
      	at java.base/jdk.internal.reflect.DelegatingMethodAccessorImpl.invoke(DelegatingMethodAccessorImpl.java:43)
      	at java.base/java.lang.reflect.Method.invoke(Method.java:567)
      	at org.testng.internal.MethodInvocationHelper.invokeMethod(MethodInvocationHelper.java:133)
      	at org.testng.internal.TestInvoker.invokeMethod(TestInvoker.java:584)
      	at org.testng.internal.TestInvoker.invokeTestMethod(TestInvoker.java:172)
      	at org.testng.internal.MethodRunner.runInSequence(MethodRunner.java:46)
      	at org.testng.internal.TestInvoker$MethodInvocationAgent.invoke(TestInvoker.java:804)
      	at org.testng.internal.TestInvoker.invokeTestMethods(TestInvoker.java:145)
      	at org.testng.internal.TestMethodWorker.invokeTestMethods(TestMethodWorker.java:146)
      	at org.testng.internal.TestMethodWorker.run(TestMethodWorker.java:128)
      	at java.base/java.util.ArrayList.forEach(ArrayList.java:1507)
      	at org.testng.TestRunner.privateRun(TestRunner.java:770)
      	at org.testng.TestRunner.run(TestRunner.java:591)
      	at org.testng.SuiteRunner.runTest(SuiteRunner.java:402)
      	at org.testng.SuiteRunner.runSequentially(SuiteRunner.java:396)
      	at org.testng.SuiteRunner.privateRun(SuiteRunner.java:355)
      	at org.testng.SuiteRunner.run(SuiteRunner.java:304)
      	at org.testng.SuiteRunnerWorker.runSuite(SuiteRunnerWorker.java:53)
      	at org.testng.SuiteRunnerWorker.run(SuiteRunnerWorker.java:96)
      	at org.testng.TestNG.runSuitesSequentially(TestNG.java:1180)
      	at org.testng.TestNG.runSuitesLocally(TestNG.java:1102)
      	at org.testng.TestNG.runSuites(TestNG.java:1032)
      	at org.testng.TestNG.run(TestNG.java:1000)
      	at org.apache.maven.surefire.testng.TestNGExecutor.run(TestNGExecutor.java:283)
      	at org.apache.maven.surefire.testng.TestNGXmlTestSuite.execute(TestNGXmlTestSuite.java:75)
      	at org.apache.maven.surefire.testng.TestNGProvider.invoke(TestNGProvider.java:120)
      	at java.base/jdk.internal.reflect.NativeMethodAccessorImpl.invoke0(Native Method)
      	at java.base/jdk.internal.reflect.NativeMethodAccessorImpl.invoke(NativeMethodAccessorImpl.java:62)
      	at java.base/jdk.internal.reflect.DelegatingMethodAccessorImpl.invoke(DelegatingMethodAccessorImpl.java:43)
      	at java.base/java.lang.reflect.Method.invoke(Method.java:567)
      	at org.apache.maven.surefire.util.ReflectionUtils.invokeMethodWithArray2(ReflectionUtils.java:186)
      	at org.apache.maven.surefire.booter.ProviderFactory$ProviderProxy.invoke(ProviderFactory.java:161)
      	at org.apache.maven.surefire.booter.ProviderFactory.invokeProvider(ProviderFactory.java:84)
      	at org.apache.maven.plugin.surefire.InPluginVMSurefireStarter.runSuitesInProcess(InPluginVMSurefireStarter.java:87)
      	at org.apache.maven.plugin.surefire.AbstractSurefireMojo.executeProvider(AbstractSurefireMojo.java:1198)
      	at org.apache.maven.plugin.surefire.AbstractSurefireMojo.executeAfterPreconditionsChecked(AbstractSurefireMojo.java:1063)
      	at org.apache.maven.plugin.surefire.AbstractSurefireMojo.execute(AbstractSurefireMojo.java:889)
      	at org.apache.maven.plugin.DefaultBuildPluginManager.executeMojo(DefaultBuildPluginManager.java:137)
      	at org.apache.maven.lifecycle.internal.MojoExecutor.execute(MojoExecutor.java:210)
      	at org.apache.maven.lifecycle.internal.MojoExecutor.execute(MojoExecutor.java:156)
      	at org.apache.maven.lifecycle.internal.MojoExecutor.execute(MojoExecutor.java:148)
      	at org.apache.maven.lifecycle.internal.LifecycleModuleBuilder.buildProject(LifecycleModuleBuilder.java:117)
      	at org.apache.maven.lifecycle.internal.LifecycleModuleBuilder.buildProject(LifecycleModuleBuilder.java:81)
      	at org.apache.maven.lifecycle.internal.builder.singlethreaded.SingleThreadedBuilder.build(SingleThreadedBuilder.java:56)
      	at org.apache.maven.lifecycle.internal.LifecycleStarter.execute(LifecycleStarter.java:128)
      	at org.apache.maven.DefaultMaven.doExecute(DefaultMaven.java:305)
      	at org.apache.maven.DefaultMaven.doExecute(DefaultMaven.java:192)
      	at org.apache.maven.DefaultMaven.execute(DefaultMaven.java:105)
      	at org.apache.maven.cli.MavenCli.execute(MavenCli.java:957)
      	at org.apache.maven.cli.MavenCli.doMain(MavenCli.java:289)
      	at org.apache.maven.cli.MavenCli.main(MavenCli.java:193)
      	at java.base/jdk.internal.reflect.NativeMethodAccessorImpl.invoke0(Native Method)
      	at java.base/jdk.internal.reflect.NativeMethodAccessorImpl.invoke(NativeMethodAccessorImpl.java:62)
      	at java.base/jdk.internal.reflect.DelegatingMethodAccessorImpl.invoke(DelegatingMethodAccessorImpl.java:43)
      	at java.base/java.lang.reflect.Method.invoke(Method.java:567)
      	at org.codehaus.plexus.classworlds.launcher.Launcher.launchEnhanced(Launcher.java:282)
      	at org.codehaus.plexus.classworlds.launcher.Launcher.launch(Launcher.java:225)
      	at org.codehaus.plexus.classworlds.launcher.Launcher.mainWithExitCode(Launcher.java:406)
      	at org.codehaus.plexus.classworlds.launcher.Launcher.main(Launcher.java:347)

    Then Select userrole                         # OrangeHrmAdminSteps.select_userrole()
    Then Enter Employeename                      # OrangeHrmAdminSteps.enter_Employeename()
    Then Select Status                           # OrangeHrmAdminSteps.select_Status()
    Then Click Search button                     # OrangeHrmAdminSteps.click_Search_button()
    And Taking screenshots and quit application  # OrangeHrmAdminSteps.take_screenshots_and_quit_browser()
2020-08-30 00:14:34.768 INFO [main] [com.baseclass.library] [launchApplication] [com.baseclass.library.launchApplication(library.java:40)] - Chrome Browser is launched 
chrome Browser launch
2020-08-30 00:14:38.225 INFO [main] [com.baseclass.library] [launchApplication] [com.baseclass.library.launchApplication(library.java:46)] - url is entered in the browser

  @tc_01_Recuritment
  Scenario: Add candidate in recruitment menu # C:/Users/itsdi/eclipse-workspace/CucumberHybrid/src/test/resources/Features/Testcase.feature:34
    Given Launch application and login to App # OrangeHrmRecruitSteps.launch_application_and_login_to_App()
    When Click recruitment                    # OrangeHrmRecruitSteps.click_recruitment()
    Then Click on Add Button                  # OrangeHrmRecruitSteps.click_on_Add_Button()
    Then Enter firstname and lastname         # OrangeHrmRecruitSteps.enter_firstname_and_lastname()
    Then Enter email and contact no           # OrangeHrmRecruitSteps.enter_email_and_contact_no()
    Then upload Resume                        # OrangeHrmRecruitSteps.upload_Resume()
      org.openqa.selenium.InvalidArgumentException: invalid argument: File not found : C:\Users\itsdi\Downloads\Files\smaple resume.docx
        (Session info: chrome=84.0.4147.135)
      Build info: version: '3.141.59', revision: 'e82be7d358', time: '2018-11-14T08:17:03'
      System info: host: 'ABI', ip: '192.168.0.14', os.name: 'Windows 10', os.arch: 'amd64', os.version: '10.0', java.version: '13.0.2'
      Driver info: org.openqa.selenium.chrome.ChromeDriver
      Capabilities {acceptInsecureCerts: false, browserName: chrome, browserVersion: 84.0.4147.135, chrome: {chromedriverVersion: 83.0.4103.39 (ccbf011cb2d2b..., userDataDir: C:\Users\itsdi\AppData\Loca...}, goog:chromeOptions: {debuggerAddress: localhost:63542}, javascriptEnabled: true, networkConnectionEnabled: false, pageLoadStrategy: normal, platform: WINDOWS, platformName: WINDOWS, proxy: Proxy(), setWindowRect: true, strictFileInteractability: false, timeouts: {implicit: 0, pageLoad: 300000, script: 30000}, unhandledPromptBehavior: dismiss and notify, webauthn:virtualAuthenticators: true}
      Session ID: d080cffdb8fd80434c6841edfa0a7b3c
      	at java.base/jdk.internal.reflect.NativeConstructorAccessorImpl.newInstance0(Native Method)
      	at java.base/jdk.internal.reflect.NativeConstructorAccessorImpl.newInstance(NativeConstructorAccessorImpl.java:62)
      	at java.base/jdk.internal.reflect.DelegatingConstructorAccessorImpl.newInstance(DelegatingConstructorAccessorImpl.java:45)
      	at java.base/java.lang.reflect.Constructor.newInstanceWithCaller(Constructor.java:500)
      	at java.base/java.lang.reflect.Constructor.newInstance(Constructor.java:481)
      	at org.openqa.selenium.remote.http.W3CHttpResponseCodec.createException(W3CHttpResponseCodec.java:187)
      	at org.openqa.selenium.remote.http.W3CHttpResponseCodec.decode(W3CHttpResponseCodec.java:122)
      	at org.openqa.selenium.remote.http.W3CHttpResponseCodec.decode(W3CHttpResponseCodec.java:49)
      	at org.openqa.selenium.remote.HttpCommandExecutor.execute(HttpCommandExecutor.java:158)
      	at org.openqa.selenium.remote.service.DriverCommandExecutor.execute(DriverCommandExecutor.java:83)
      	at org.openqa.selenium.remote.RemoteWebDriver.execute(RemoteWebDriver.java:552)
      	at org.openqa.selenium.remote.RemoteWebElement.execute(RemoteWebElement.java:285)
      	at org.openqa.selenium.remote.RemoteWebElement.sendKeys(RemoteWebElement.java:106)
      	at java.base/jdk.internal.reflect.NativeMethodAccessorImpl.invoke0(Native Method)
      	at java.base/jdk.internal.reflect.NativeMethodAccessorImpl.invoke(NativeMethodAccessorImpl.java:62)
      	at java.base/jdk.internal.reflect.DelegatingMethodAccessorImpl.invoke(DelegatingMethodAccessorImpl.java:43)
      	at java.base/java.lang.reflect.Method.invoke(Method.java:567)
      	at org.openqa.selenium.support.pagefactory.internal.LocatingElementHandler.invoke(LocatingElementHandler.java:51)
      	at com.sun.proxy.$Proxy57.sendKeys(Unknown Source)
      	at com.pages.RecruitmentPage.candResume(RecruitmentPage.java:129)
      	at com.stepdefinition.OrangeHrmRecruitSteps.upload_Resume(OrangeHrmRecruitSteps.java:52)
      	at ?.Then upload Resume(C:/Users/itsdi/eclipse-workspace/CucumberHybrid/src/test/resources/Features/Testcase.feature:41)

    Then select date of application           # OrangeHrmRecruitSteps.select_date_of_application()
    Then save the application                 # OrangeHrmRecruitSteps.save_the_application()
    And screenshot and close application      # OrangeHrmRecruitSteps.screenshot_and_close_application()
]]></system-out>
    <system-err><![CDATA[Starting ChromeDriver 83.0.4103.39 (ccbf011cb2d2b19b506d844400483861342c20cd-refs/branch-heads/4103@{#416}) on port 24645
Only local connections are allowed.
Please see https://chromedriver.chromium.org/security-considerations for suggestions on keeping ChromeDriver safe.
ChromeDriver was started successfully.
[1598771635.136][WARNING]: This version of ChromeDriver has not been tested with Chrome version 84.
Aug 30, 2020 12:13:57 AM org.openqa.selenium.remote.ProtocolHandshake createSession
INFO: Detected dialect: W3C
Starting ChromeDriver 83.0.4103.39 (ccbf011cb2d2b19b506d844400483861342c20cd-refs/branch-heads/4103@{#416}) on port 10737
Only local connections are allowed.
Please see https://chromedriver.chromium.org/security-considerations for suggestions on keeping ChromeDriver safe.
ChromeDriver was started successfully.
[1598771651.413][WARNING]: This version of ChromeDriver has not been tested with Chrome version 84.
Aug 30, 2020 12:14:13 AM org.openqa.selenium.remote.ProtocolHandshake createSession
INFO: Detected dialect: W3C
Starting ChromeDriver 83.0.4103.39 (ccbf011cb2d2b19b506d844400483861342c20cd-refs/branch-heads/4103@{#416}) on port 29038
Only local connections are allowed.
Please see https://chromedriver.chromium.org/security-considerations for suggestions on keeping ChromeDriver safe.
ChromeDriver was started successfully.
[1598771660.328][WARNING]: This version of ChromeDriver has not been tested with Chrome version 84.
Aug 30, 2020 12:14:22 AM org.openqa.selenium.remote.ProtocolHandshake createSession
INFO: Detected dialect: W3C
Starting ChromeDriver 83.0.4103.39 (ccbf011cb2d2b19b506d844400483861342c20cd-refs/branch-heads/4103@{#416}) on port 1025
Only local connections are allowed.
Please see https://chromedriver.chromium.org/security-considerations for suggestions on keeping ChromeDriver safe.
ChromeDriver was started successfully.
[1598771672.535][WARNING]: This version of ChromeDriver has not been tested with Chrome version 84.
Aug 30, 2020 12:14:34 AM org.openqa.selenium.remote.ProtocolHandshake createSession
INFO: Detected dialect: W3C
]]></system-err>
  </testcase>
  <testcase name="feature" classname="com.testRunner.TestRunner2" time="46.563">
    <failure message="cucumber.runtime.CucumberException: Arity mismatch: Step Definition &apos;com.stepdefinition.OrangeHrmAdminSteps.enter_username() in file:/C:/Users/itsdi/eclipse-workspace/CucumberHybrid/target/test-classes/&apos; with pattern [^Enter username$] is declared with 0 parameters. However, the gherkin step has 1 arguments [Table:[[rithika]]]. &#10;Step: Then Enter username" type="cucumber.runtime.CucumberException"><![CDATA[cucumber.runtime.CucumberException: 
cucumber.runtime.CucumberException: Arity mismatch: Step Definition 'com.stepdefinition.OrangeHrmAdminSteps.enter_username() in file:/C:/Users/itsdi/eclipse-workspace/CucumberHybrid/target/test-classes/' with pattern [^Enter username$] is declared with 0 parameters. However, the gherkin step has 1 arguments [Table:[[rithika]]]. 
Step: Then Enter username
Caused by: cucumber.runtime.CucumberException: 
Arity mismatch: Step Definition 'com.stepdefinition.OrangeHrmAdminSteps.enter_username() in file:/C:/Users/itsdi/eclipse-workspace/CucumberHybrid/target/test-classes/' with pattern [^Enter username$] is declared with 0 parameters. However, the gherkin step has 1 arguments [Table:[[rithika]]]. 
Step: Then Enter username
]]></failure>
    <system-out><![CDATA[
Failed scenarios:
C:/Users/itsdi/eclipse-workspace/CucumberHybrid/src/test/resources/Features/Testcase.feature:20 # Scenario: Click on Admin Search
C:/Users/itsdi/eclipse-workspace/CucumberHybrid/src/test/resources/Features/Testcase.feature:34 # Scenario: Add candidate in recruitment menu

4 Scenarios (2 failed, 2 passed)
27 Steps (2 failed, 8 skipped, 17 passed)
0m51.765s

cucumber.runtime.CucumberException: Arity mismatch: Step Definition 'com.stepdefinition.OrangeHrmAdminSteps.enter_username() in file:/C:/Users/itsdi/eclipse-workspace/CucumberHybrid/target/test-classes/' with pattern [^Enter username$] is declared with 0 parameters. However, the gherkin step has 1 arguments [Table:[[rithika]]]. 
Step: Then Enter username
	at cucumber.runtime.StepDefinitionMatch.arityMismatch(StepDefinitionMatch.java:102)
	at cucumber.runtime.StepDefinitionMatch.transformedArgs(StepDefinitionMatch.java:60)
	at cucumber.runtime.StepDefinitionMatch.runStep(StepDefinitionMatch.java:37)
	at cucumber.runtime.Runtime.runStep(Runtime.java:300)
	at cucumber.runtime.model.StepContainer.runStep(StepContainer.java:44)
	at cucumber.runtime.model.StepContainer.runSteps(StepContainer.java:39)
	at cucumber.runtime.model.CucumberScenario.run(CucumberScenario.java:44)
	at cucumber.runtime.model.CucumberFeature.run(CucumberFeature.java:165)
	at cucumber.api.testng.TestNGCucumberRunner.runCucumber(TestNGCucumberRunner.java:63)
	at cucumber.api.testng.AbstractTestNGCucumberTests.feature(AbstractTestNGCucumberTests.java:21)
	at java.base/jdk.internal.reflect.NativeMethodAccessorImpl.invoke0(Native Method)
	at java.base/jdk.internal.reflect.NativeMethodAccessorImpl.invoke(NativeMethodAccessorImpl.java:62)
	at java.base/jdk.internal.reflect.DelegatingMethodAccessorImpl.invoke(DelegatingMethodAccessorImpl.java:43)
	at java.base/java.lang.reflect.Method.invoke(Method.java:567)
	at org.testng.internal.MethodInvocationHelper.invokeMethod(MethodInvocationHelper.java:133)
	at org.testng.internal.TestInvoker.invokeMethod(TestInvoker.java:584)
	at org.testng.internal.TestInvoker.invokeTestMethod(TestInvoker.java:172)
	at org.testng.internal.MethodRunner.runInSequence(MethodRunner.java:46)
	at org.testng.internal.TestInvoker$MethodInvocationAgent.invoke(TestInvoker.java:804)
	at org.testng.internal.TestInvoker.invokeTestMethods(TestInvoker.java:145)
	at org.testng.internal.TestMethodWorker.invokeTestMethods(TestMethodWorker.java:146)
	at org.testng.internal.TestMethodWorker.run(TestMethodWorker.java:128)
	at java.base/java.util.ArrayList.forEach(ArrayList.java:1507)
	at org.testng.TestRunner.privateRun(TestRunner.java:770)
	at org.testng.TestRunner.run(TestRunner.java:591)
	at org.testng.SuiteRunner.runTest(SuiteRunner.java:402)
	at org.testng.SuiteRunner.runSequentially(SuiteRunner.java:396)
	at org.testng.SuiteRunner.privateRun(SuiteRunner.java:355)
	at org.testng.SuiteRunner.run(SuiteRunner.java:304)
	at org.testng.SuiteRunnerWorker.runSuite(SuiteRunnerWorker.java:53)
	at org.testng.SuiteRunnerWorker.run(SuiteRunnerWorker.java:96)
	at org.testng.TestNG.runSuitesSequentially(TestNG.java:1180)
	at org.testng.TestNG.runSuitesLocally(TestNG.java:1102)
	at org.testng.TestNG.runSuites(TestNG.java:1032)
	at org.testng.TestNG.run(TestNG.java:1000)
	at org.apache.maven.surefire.testng.TestNGExecutor.run(TestNGExecutor.java:283)
	at org.apache.maven.surefire.testng.TestNGXmlTestSuite.execute(TestNGXmlTestSuite.java:75)
	at org.apache.maven.surefire.testng.TestNGProvider.invoke(TestNGProvider.java:120)
	at java.base/jdk.internal.reflect.NativeMethodAccessorImpl.invoke0(Native Method)
	at java.base/jdk.internal.reflect.NativeMethodAccessorImpl.invoke(NativeMethodAccessorImpl.java:62)
	at java.base/jdk.internal.reflect.DelegatingMethodAccessorImpl.invoke(DelegatingMethodAccessorImpl.java:43)
	at java.base/java.lang.reflect.Method.invoke(Method.java:567)
	at org.apache.maven.surefire.util.ReflectionUtils.invokeMethodWithArray2(ReflectionUtils.java:186)
	at org.apache.maven.surefire.booter.ProviderFactory$ProviderProxy.invoke(ProviderFactory.java:161)
	at org.apache.maven.surefire.booter.ProviderFactory.invokeProvider(ProviderFactory.java:84)
	at org.apache.maven.plugin.surefire.InPluginVMSurefireStarter.runSuitesInProcess(InPluginVMSurefireStarter.java:87)
	at org.apache.maven.plugin.surefire.AbstractSurefireMojo.executeProvider(AbstractSurefireMojo.java:1198)
	at org.apache.maven.plugin.surefire.AbstractSurefireMojo.executeAfterPreconditionsChecked(AbstractSurefireMojo.java:1063)
	at org.apache.maven.plugin.surefire.AbstractSurefireMojo.execute(AbstractSurefireMojo.java:889)
	at org.apache.maven.plugin.DefaultBuildPluginManager.executeMojo(DefaultBuildPluginManager.java:137)
	at org.apache.maven.lifecycle.internal.MojoExecutor.execute(MojoExecutor.java:210)
	at org.apache.maven.lifecycle.internal.MojoExecutor.execute(MojoExecutor.java:156)
	at org.apache.maven.lifecycle.internal.MojoExecutor.execute(MojoExecutor.java:148)
	at org.apache.maven.lifecycle.internal.LifecycleModuleBuilder.buildProject(LifecycleModuleBuilder.java:117)
	at org.apache.maven.lifecycle.internal.LifecycleModuleBuilder.buildProject(LifecycleModuleBuilder.java:81)
	at org.apache.maven.lifecycle.internal.builder.singlethreaded.SingleThreadedBuilder.build(SingleThreadedBuilder.java:56)
	at org.apache.maven.lifecycle.internal.LifecycleStarter.execute(LifecycleStarter.java:128)
	at org.apache.maven.DefaultMaven.doExecute(DefaultMaven.java:305)
	at org.apache.maven.DefaultMaven.doExecute(DefaultMaven.java:192)
	at org.apache.maven.DefaultMaven.execute(DefaultMaven.java:105)
	at org.apache.maven.cli.MavenCli.execute(MavenCli.java:957)
	at org.apache.maven.cli.MavenCli.doMain(MavenCli.java:289)
	at org.apache.maven.cli.MavenCli.main(MavenCli.java:193)
	at java.base/jdk.internal.reflect.NativeMethodAccessorImpl.invoke0(Native Method)
	at java.base/jdk.internal.reflect.NativeMethodAccessorImpl.invoke(NativeMethodAccessorImpl.java:62)
	at java.base/jdk.internal.reflect.DelegatingMethodAccessorImpl.invoke(DelegatingMethodAccessorImpl.java:43)
	at java.base/java.lang.reflect.Method.invoke(Method.java:567)
	at org.codehaus.plexus.classworlds.launcher.Launcher.launchEnhanced(Launcher.java:282)
	at org.codehaus.plexus.classworlds.launcher.Launcher.launch(Launcher.java:225)
	at org.codehaus.plexus.classworlds.launcher.Launcher.mainWithExitCode(Launcher.java:406)
	at org.codehaus.plexus.classworlds.launcher.Launcher.main(Launcher.java:347)

org.openqa.selenium.InvalidArgumentException: invalid argument: File not found : C:\Users\itsdi\Downloads\Files\smaple resume.docx
  (Session info: chrome=84.0.4147.135)
Build info: version: '3.141.59', revision: 'e82be7d358', time: '2018-11-14T08:17:03'
System info: host: 'ABI', ip: '192.168.0.14', os.name: 'Windows 10', os.arch: 'amd64', os.version: '10.0', java.version: '13.0.2'
Driver info: org.openqa.selenium.chrome.ChromeDriver
Capabilities {acceptInsecureCerts: false, browserName: chrome, browserVersion: 84.0.4147.135, chrome: {chromedriverVersion: 83.0.4103.39 (ccbf011cb2d2b..., userDataDir: C:\Users\itsdi\AppData\Loca...}, goog:chromeOptions: {debuggerAddress: localhost:63542}, javascriptEnabled: true, networkConnectionEnabled: false, pageLoadStrategy: normal, platform: WINDOWS, platformName: WINDOWS, proxy: Proxy(), setWindowRect: true, strictFileInteractability: false, timeouts: {implicit: 0, pageLoad: 300000, script: 30000}, unhandledPromptBehavior: dismiss and notify, webauthn:virtualAuthenticators: true}
Session ID: d080cffdb8fd80434c6841edfa0a7b3c
	at java.base/jdk.internal.reflect.NativeConstructorAccessorImpl.newInstance0(Native Method)
	at java.base/jdk.internal.reflect.NativeConstructorAccessorImpl.newInstance(NativeConstructorAccessorImpl.java:62)
	at java.base/jdk.internal.reflect.DelegatingConstructorAccessorImpl.newInstance(DelegatingConstructorAccessorImpl.java:45)
	at java.base/java.lang.reflect.Constructor.newInstanceWithCaller(Constructor.java:500)
	at java.base/java.lang.reflect.Constructor.newInstance(Constructor.java:481)
	at org.openqa.selenium.remote.http.W3CHttpResponseCodec.createException(W3CHttpResponseCodec.java:187)
	at org.openqa.selenium.remote.http.W3CHttpResponseCodec.decode(W3CHttpResponseCodec.java:122)
	at org.openqa.selenium.remote.http.W3CHttpResponseCodec.decode(W3CHttpResponseCodec.java:49)
	at org.openqa.selenium.remote.HttpCommandExecutor.execute(HttpCommandExecutor.java:158)
	at org.openqa.selenium.remote.service.DriverCommandExecutor.execute(DriverCommandExecutor.java:83)
	at org.openqa.selenium.remote.RemoteWebDriver.execute(RemoteWebDriver.java:552)
	at org.openqa.selenium.remote.RemoteWebElement.execute(RemoteWebElement.java:285)
	at org.openqa.selenium.remote.RemoteWebElement.sendKeys(RemoteWebElement.java:106)
	at java.base/jdk.internal.reflect.NativeMethodAccessorImpl.invoke0(Native Method)
	at java.base/jdk.internal.reflect.NativeMethodAccessorImpl.invoke(NativeMethodAccessorImpl.java:62)
	at java.base/jdk.internal.reflect.DelegatingMethodAccessorImpl.invoke(DelegatingMethodAccessorImpl.java:43)
	at java.base/java.lang.reflect.Method.invoke(Method.java:567)
	at org.openqa.selenium.support.pagefactory.internal.LocatingElementHandler.invoke(LocatingElementHandler.java:51)
	at com.sun.proxy.$Proxy57.sendKeys(Unknown Source)
	at com.pages.RecruitmentPage.candResume(RecruitmentPage.java:129)
	at com.stepdefinition.OrangeHrmRecruitSteps.upload_Resume(OrangeHrmRecruitSteps.java:52)
	at âœ½.Then upload Resume(C:/Users/itsdi/eclipse-workspace/CucumberHybrid/src/test/resources/Features/Testcase.feature:41)

@orangeHRM
Feature: OrangeHrm website

  @tc_01_login
  Scenario Outline: validate the login functionality # C:/Users/itsdi/eclipse-workspace/CucumberHybrid/src/test/resources/Features/Testcase.feature:5
    Given Launch the browser and enter the url
    When login page is opened
    Then enter the "<username>" and "<password>"
    Then Click the login
    And Take screenshots and quit browser

    Examples: 
2020-08-30 00:14:50.129 INFO [main] [com.baseclass.library] [launchApplication] [com.baseclass.library.launchApplication(library.java:40)] - Chrome Browser is launched 
chrome Browser launch
2020-08-30 00:14:53.592 INFO [main] [com.baseclass.library] [launchApplication] [com.baseclass.library.launchApplication(library.java:46)] - url is entered in the browser
OrangeHRM
2020-08-30 00:14:56.245 INFO [main] [com.baseclass.library] [click_the_login] [com.stepdefinition.OrangeHrmLoginTestSteps.click_the_login(OrangeHrmLoginTestSteps.java:46)] - login page =======>
C:\Users\itsdi\eclipse-workspace\CucumberHybrid\src\test\resources\Screenshots\orange1598771696259.png
2020-08-30 00:14:57.315 INFO [main] [com.baseclass.library] [quit] [com.baseclass.library.quit(library.java:55)] - Window is closed

  @tc_01_login @orangeHRM
  Scenario Outline: validate the login functionality # C:/Users/itsdi/eclipse-workspace/CucumberHybrid/src/test/resources/Features/Testcase.feature:15
    Given Launch the browser and enter the url       # OrangeHrmLoginTestSteps.launch_the_browser_and_enter_the_url()
    When login page is opened                        # OrangeHrmLoginTestSteps.login_page_is_opened()
    Then enter the "Admin" and "admin123"            # OrangeHrmLoginTestSteps.enter_the_and(String,String)
    Then Click the login                             # OrangeHrmLoginTestSteps.click_the_login()
    And Take screenshots and quit browser            # OrangeHrmLoginTestSteps.take_screenshots_and_quit_browser()
2020-08-30 00:15:01.096 INFO [main] [com.baseclass.library] [launchApplication] [com.baseclass.library.launchApplication(library.java:40)] - Chrome Browser is launched 
chrome Browser launch
2020-08-30 00:15:04.516 INFO [main] [com.baseclass.library] [launchApplication] [com.baseclass.library.launchApplication(library.java:46)] - url is entered in the browser
OrangeHRM
2020-08-30 00:15:05.565 INFO [main] [com.baseclass.library] [click_the_login] [com.stepdefinition.OrangeHrmLoginTestSteps.click_the_login(OrangeHrmLoginTestSteps.java:46)] - login page =======>
C:\Users\itsdi\eclipse-workspace\CucumberHybrid\src\test\resources\Screenshots\orange1598771705585.png
2020-08-30 00:15:06.404 INFO [main] [com.baseclass.library] [quit] [com.baseclass.library.quit(library.java:55)] - Window is closed

  @tc_01_login @orangeHRM
  Scenario Outline: validate the login functionality # C:/Users/itsdi/eclipse-workspace/CucumberHybrid/src/test/resources/Features/Testcase.feature:16
    Given Launch the browser and enter the url       # OrangeHrmLoginTestSteps.launch_the_browser_and_enter_the_url()
    When login page is opened                        # OrangeHrmLoginTestSteps.login_page_is_opened()
    Then enter the "Admins" and "admin124"           # OrangeHrmLoginTestSteps.enter_the_and(String,String)
    Then Click the login                             # OrangeHrmLoginTestSteps.click_the_login()
    And Take screenshots and quit browser            # OrangeHrmLoginTestSteps.take_screenshots_and_quit_browser()
2020-08-30 00:15:09.966 INFO [main] [com.baseclass.library] [launchApplication] [com.baseclass.library.launchApplication(library.java:40)] - Chrome Browser is launched 
chrome Browser launch
2020-08-30 00:15:13.702 INFO [main] [com.baseclass.library] [launchApplication] [com.baseclass.library.launchApplication(library.java:46)] - url is entered in the browser

  @tc_01_AdminSearch
  Scenario: Click on Admin Search                # C:/Users/itsdi/eclipse-workspace/CucumberHybrid/src/test/resources/Features/Testcase.feature:20
    Given Launch orangehrm application and login # OrangeHrmAdminSteps.launch_orangehrm_application_and_login()
    When Select Admin menu                       # OrangeHrmAdminSteps.select_Admin_menu()
    Then Enter username                          # OrangeHrmAdminSteps.enter_username()
      cucumber.runtime.CucumberException: Arity mismatch: Step Definition 'com.stepdefinition.OrangeHrmAdminSteps.enter_username() in file:/C:/Users/itsdi/eclipse-workspace/CucumberHybrid/target/test-classes/' with pattern [^Enter username$] is declared with 0 parameters. However, the gherkin step has 1 arguments [Table:[[rithika]]]. 
      Step: Then Enter username
      	at cucumber.runtime.StepDefinitionMatch.arityMismatch(StepDefinitionMatch.java:102)
      	at cucumber.runtime.StepDefinitionMatch.transformedArgs(StepDefinitionMatch.java:60)
      	at cucumber.runtime.StepDefinitionMatch.runStep(StepDefinitionMatch.java:37)
      	at cucumber.runtime.Runtime.runStep(Runtime.java:300)
      	at cucumber.runtime.model.StepContainer.runStep(StepContainer.java:44)
      	at cucumber.runtime.model.StepContainer.runSteps(StepContainer.java:39)
      	at cucumber.runtime.model.CucumberScenario.run(CucumberScenario.java:44)
      	at cucumber.runtime.model.CucumberFeature.run(CucumberFeature.java:165)
      	at cucumber.api.testng.TestNGCucumberRunner.runCucumber(TestNGCucumberRunner.java:63)
      	at cucumber.api.testng.AbstractTestNGCucumberTests.feature(AbstractTestNGCucumberTests.java:21)
      	at java.base/jdk.internal.reflect.NativeMethodAccessorImpl.invoke0(Native Method)
      	at java.base/jdk.internal.reflect.NativeMethodAccessorImpl.invoke(NativeMethodAccessorImpl.java:62)
      	at java.base/jdk.internal.reflect.DelegatingMethodAccessorImpl.invoke(DelegatingMethodAccessorImpl.java:43)
      	at java.base/java.lang.reflect.Method.invoke(Method.java:567)
      	at org.testng.internal.MethodInvocationHelper.invokeMethod(MethodInvocationHelper.java:133)
      	at org.testng.internal.TestInvoker.invokeMethod(TestInvoker.java:584)
      	at org.testng.internal.TestInvoker.invokeTestMethod(TestInvoker.java:172)
      	at org.testng.internal.MethodRunner.runInSequence(MethodRunner.java:46)
      	at org.testng.internal.TestInvoker$MethodInvocationAgent.invoke(TestInvoker.java:804)
      	at org.testng.internal.TestInvoker.invokeTestMethods(TestInvoker.java:145)
      	at org.testng.internal.TestMethodWorker.invokeTestMethods(TestMethodWorker.java:146)
      	at org.testng.internal.TestMethodWorker.run(TestMethodWorker.java:128)
      	at java.base/java.util.ArrayList.forEach(ArrayList.java:1507)
      	at org.testng.TestRunner.privateRun(TestRunner.java:770)
      	at org.testng.TestRunner.run(TestRunner.java:591)
      	at org.testng.SuiteRunner.runTest(SuiteRunner.java:402)
      	at org.testng.SuiteRunner.runSequentially(SuiteRunner.java:396)
      	at org.testng.SuiteRunner.privateRun(SuiteRunner.java:355)
      	at org.testng.SuiteRunner.run(SuiteRunner.java:304)
      	at org.testng.SuiteRunnerWorker.runSuite(SuiteRunnerWorker.java:53)
      	at org.testng.SuiteRunnerWorker.run(SuiteRunnerWorker.java:96)
      	at org.testng.TestNG.runSuitesSequentially(TestNG.java:1180)
      	at org.testng.TestNG.runSuitesLocally(TestNG.java:1102)
      	at org.testng.TestNG.runSuites(TestNG.java:1032)
      	at org.testng.TestNG.run(TestNG.java:1000)
      	at org.apache.maven.surefire.testng.TestNGExecutor.run(TestNGExecutor.java:283)
      	at org.apache.maven.surefire.testng.TestNGXmlTestSuite.execute(TestNGXmlTestSuite.java:75)
      	at org.apache.maven.surefire.testng.TestNGProvider.invoke(TestNGProvider.java:120)
      	at java.base/jdk.internal.reflect.NativeMethodAccessorImpl.invoke0(Native Method)
      	at java.base/jdk.internal.reflect.NativeMethodAccessorImpl.invoke(NativeMethodAccessorImpl.java:62)
      	at java.base/jdk.internal.reflect.DelegatingMethodAccessorImpl.invoke(DelegatingMethodAccessorImpl.java:43)
      	at java.base/java.lang.reflect.Method.invoke(Method.java:567)
      	at org.apache.maven.surefire.util.ReflectionUtils.invokeMethodWithArray2(ReflectionUtils.java:186)
      	at org.apache.maven.surefire.booter.ProviderFactory$ProviderProxy.invoke(ProviderFactory.java:161)
      	at org.apache.maven.surefire.booter.ProviderFactory.invokeProvider(ProviderFactory.java:84)
      	at org.apache.maven.plugin.surefire.InPluginVMSurefireStarter.runSuitesInProcess(InPluginVMSurefireStarter.java:87)
      	at org.apache.maven.plugin.surefire.AbstractSurefireMojo.executeProvider(AbstractSurefireMojo.java:1198)
      	at org.apache.maven.plugin.surefire.AbstractSurefireMojo.executeAfterPreconditionsChecked(AbstractSurefireMojo.java:1063)
      	at org.apache.maven.plugin.surefire.AbstractSurefireMojo.execute(AbstractSurefireMojo.java:889)
      	at org.apache.maven.plugin.DefaultBuildPluginManager.executeMojo(DefaultBuildPluginManager.java:137)
      	at org.apache.maven.lifecycle.internal.MojoExecutor.execute(MojoExecutor.java:210)
      	at org.apache.maven.lifecycle.internal.MojoExecutor.execute(MojoExecutor.java:156)
      	at org.apache.maven.lifecycle.internal.MojoExecutor.execute(MojoExecutor.java:148)
      	at org.apache.maven.lifecycle.internal.LifecycleModuleBuilder.buildProject(LifecycleModuleBuilder.java:117)
      	at org.apache.maven.lifecycle.internal.LifecycleModuleBuilder.buildProject(LifecycleModuleBuilder.java:81)
      	at org.apache.maven.lifecycle.internal.builder.singlethreaded.SingleThreadedBuilder.build(SingleThreadedBuilder.java:56)
      	at org.apache.maven.lifecycle.internal.LifecycleStarter.execute(LifecycleStarter.java:128)
      	at org.apache.maven.DefaultMaven.doExecute(DefaultMaven.java:305)
      	at org.apache.maven.DefaultMaven.doExecute(DefaultMaven.java:192)
      	at org.apache.maven.DefaultMaven.execute(DefaultMaven.java:105)
      	at org.apache.maven.cli.MavenCli.execute(MavenCli.java:957)
      	at org.apache.maven.cli.MavenCli.doMain(MavenCli.java:289)
      	at org.apache.maven.cli.MavenCli.main(MavenCli.java:193)
      	at java.base/jdk.internal.reflect.NativeMethodAccessorImpl.invoke0(Native Method)
      	at java.base/jdk.internal.reflect.NativeMethodAccessorImpl.invoke(NativeMethodAccessorImpl.java:62)
      	at java.base/jdk.internal.reflect.DelegatingMethodAccessorImpl.invoke(DelegatingMethodAccessorImpl.java:43)
      	at java.base/java.lang.reflect.Method.invoke(Method.java:567)
      	at org.codehaus.plexus.classworlds.launcher.Launcher.launchEnhanced(Launcher.java:282)
      	at org.codehaus.plexus.classworlds.launcher.Launcher.launch(Launcher.java:225)
      	at org.codehaus.plexus.classworlds.launcher.Launcher.mainWithExitCode(Launcher.java:406)
      	at org.codehaus.plexus.classworlds.launcher.Launcher.main(Launcher.java:347)

    Then Select userrole                         # OrangeHrmAdminSteps.select_userrole()
    Then Enter Employeename                      # OrangeHrmAdminSteps.enter_Employeename()
    Then Select Status                           # OrangeHrmAdminSteps.select_Status()
    Then Click Search button                     # OrangeHrmAdminSteps.click_Search_button()
    And Taking screenshots and quit application  # OrangeHrmAdminSteps.take_screenshots_and_quit_browser()
2020-08-30 00:15:22.719 INFO [main] [com.baseclass.library] [launchApplication] [com.baseclass.library.launchApplication(library.java:40)] - Chrome Browser is launched 
chrome Browser launch
2020-08-30 00:15:26.108 INFO [main] [com.baseclass.library] [launchApplication] [com.baseclass.library.launchApplication(library.java:46)] - url is entered in the browser

  @tc_01_Recuritment
  Scenario: Add candidate in recruitment menu # C:/Users/itsdi/eclipse-workspace/CucumberHybrid/src/test/resources/Features/Testcase.feature:34
    Given Launch application and login to App # OrangeHrmRecruitSteps.launch_application_and_login_to_App()
    When Click recruitment                    # OrangeHrmRecruitSteps.click_recruitment()
    Then Click on Add Button                  # OrangeHrmRecruitSteps.click_on_Add_Button()
    Then Enter firstname and lastname         # OrangeHrmRecruitSteps.enter_firstname_and_lastname()
    Then Enter email and contact no           # OrangeHrmRecruitSteps.enter_email_and_contact_no()
    Then upload Resume                        # OrangeHrmRecruitSteps.upload_Resume()
      org.openqa.selenium.InvalidArgumentException: invalid argument: File not found : C:\Users\itsdi\Downloads\Files\smaple resume.docx
        (Session info: chrome=84.0.4147.135)
      Build info: version: '3.141.59', revision: 'e82be7d358', time: '2018-11-14T08:17:03'
      System info: host: 'ABI', ip: '192.168.0.14', os.name: 'Windows 10', os.arch: 'amd64', os.version: '10.0', java.version: '13.0.2'
      Driver info: org.openqa.selenium.chrome.ChromeDriver
      Capabilities {acceptInsecureCerts: false, browserName: chrome, browserVersion: 84.0.4147.135, chrome: {chromedriverVersion: 83.0.4103.39 (ccbf011cb2d2b..., userDataDir: C:\Users\itsdi\AppData\Loca...}, goog:chromeOptions: {debuggerAddress: localhost:63644}, javascriptEnabled: true, networkConnectionEnabled: false, pageLoadStrategy: normal, platform: WINDOWS, platformName: WINDOWS, proxy: Proxy(), setWindowRect: true, strictFileInteractability: false, timeouts: {implicit: 0, pageLoad: 300000, script: 30000}, unhandledPromptBehavior: dismiss and notify, webauthn:virtualAuthenticators: true}
      Session ID: 74ff177f5aa4e3650637a2fa3f2438e2
      	at java.base/jdk.internal.reflect.NativeConstructorAccessorImpl.newInstance0(Native Method)
      	at java.base/jdk.internal.reflect.NativeConstructorAccessorImpl.newInstance(NativeConstructorAccessorImpl.java:62)
      	at java.base/jdk.internal.reflect.DelegatingConstructorAccessorImpl.newInstance(DelegatingConstructorAccessorImpl.java:45)
      	at java.base/java.lang.reflect.Constructor.newInstanceWithCaller(Constructor.java:500)
      	at java.base/java.lang.reflect.Constructor.newInstance(Constructor.java:481)
      	at org.openqa.selenium.remote.http.W3CHttpResponseCodec.createException(W3CHttpResponseCodec.java:187)
      	at org.openqa.selenium.remote.http.W3CHttpResponseCodec.decode(W3CHttpResponseCodec.java:122)
      	at org.openqa.selenium.remote.http.W3CHttpResponseCodec.decode(W3CHttpResponseCodec.java:49)
      	at org.openqa.selenium.remote.HttpCommandExecutor.execute(HttpCommandExecutor.java:158)
      	at org.openqa.selenium.remote.service.DriverCommandExecutor.execute(DriverCommandExecutor.java:83)
      	at org.openqa.selenium.remote.RemoteWebDriver.execute(RemoteWebDriver.java:552)
      	at org.openqa.selenium.remote.RemoteWebElement.execute(RemoteWebElement.java:285)
      	at org.openqa.selenium.remote.RemoteWebElement.sendKeys(RemoteWebElement.java:106)
      	at jdk.internal.reflect.GeneratedMethodAccessor42.invoke(Unknown Source)
      	at java.base/jdk.internal.reflect.DelegatingMethodAccessorImpl.invoke(DelegatingMethodAccessorImpl.java:43)
      	at java.base/java.lang.reflect.Method.invoke(Method.java:567)
      	at org.openqa.selenium.support.pagefactory.internal.LocatingElementHandler.invoke(LocatingElementHandler.java:51)
      	at com.sun.proxy.$Proxy57.sendKeys(Unknown Source)
      	at com.pages.RecruitmentPage.candResume(RecruitmentPage.java:129)
      	at com.stepdefinition.OrangeHrmRecruitSteps.upload_Resume(OrangeHrmRecruitSteps.java:52)
      	at ?.Then upload Resume(C:/Users/itsdi/eclipse-workspace/CucumberHybrid/src/test/resources/Features/Testcase.feature:41)

    Then select date of application           # OrangeHrmRecruitSteps.select_date_of_application()
    Then save the application                 # OrangeHrmRecruitSteps.save_the_application()
    And screenshot and close application      # OrangeHrmRecruitSteps.screenshot_and_close_application()
]]></system-out>
    <system-err><![CDATA[Starting ChromeDriver 83.0.4103.39 (ccbf011cb2d2b19b506d844400483861342c20cd-refs/branch-heads/4103@{#416}) on port 28741
Only local connections are allowed.
Please see https://chromedriver.chromium.org/security-considerations for suggestions on keeping ChromeDriver safe.
ChromeDriver was started successfully.
[1598771687.959][WARNING]: This version of ChromeDriver has not been tested with Chrome version 84.
Aug 30, 2020 12:14:50 AM org.openqa.selenium.remote.ProtocolHandshake createSession
INFO: Detected dialect: W3C
Starting ChromeDriver 83.0.4103.39 (ccbf011cb2d2b19b506d844400483861342c20cd-refs/branch-heads/4103@{#416}) on port 43322
Only local connections are allowed.
Please see https://chromedriver.chromium.org/security-considerations for suggestions on keeping ChromeDriver safe.
ChromeDriver was started successfully.
[1598771698.995][WARNING]: This version of ChromeDriver has not been tested with Chrome version 84.
Aug 30, 2020 12:15:01 AM org.openqa.selenium.remote.ProtocolHandshake createSession
INFO: Detected dialect: W3C
Starting ChromeDriver 83.0.4103.39 (ccbf011cb2d2b19b506d844400483861342c20cd-refs/branch-heads/4103@{#416}) on port 18922
Only local connections are allowed.
Please see https://chromedriver.chromium.org/security-considerations for suggestions on keeping ChromeDriver safe.
ChromeDriver was started successfully.
[1598771707.871][WARNING]: This version of ChromeDriver has not been tested with Chrome version 84.
Aug 30, 2020 12:15:09 AM org.openqa.selenium.remote.ProtocolHandshake createSession
INFO: Detected dialect: W3C
Starting ChromeDriver 83.0.4103.39 (ccbf011cb2d2b19b506d844400483861342c20cd-refs/branch-heads/4103@{#416}) on port 45728
Only local connections are allowed.
Please see https://chromedriver.chromium.org/security-considerations for suggestions on keeping ChromeDriver safe.
ChromeDriver was started successfully.
[1598771720.628][WARNING]: This version of ChromeDriver has not been tested with Chrome version 84.
Aug 30, 2020 12:15:22 AM org.openqa.selenium.remote.ProtocolHandshake createSession
INFO: Detected dialect: W3C
]]></system-err>
  </testcase>
</testsuite>